============================= test session starts =============================
platform win32 -- Python 3.13.1, pytest-9.0.1, pluggy-1.6.0 -- C:\Users\tc\Programming\Python\Projects\clx-claude\.venv\Scripts\python.exe
cachedir: .pytest_cache
rootdir: C:\Users\tc\Programming\Python\Projects\clx-claude
configfile: pyproject.toml
testpaths: tests
plugins: anyio-4.11.0, asyncio-1.3.0, cov-7.0.0
asyncio: mode=Mode.AUTO, debug=False, asyncio_default_fixture_loop_scope=function, asyncio_default_test_loop_scope=function
collecting ... collected 343 items

tests/cli/test_cli_integration.py::TestCliWithSqliteBackend::test_build_simple_course_with_sqlite PASSED [  0%]
tests/cli/test_cli_integration.py::TestCliWithSqliteBackend::test_build_with_force_db_init PASSED [  0%]
tests/cli/test_cli_integration.py::TestCliWithSqliteBackend::test_build_with_custom_db_path PASSED [  0%]
tests/cli/test_cli_integration.py::TestCliWithSqliteBackend::test_build_output_directory_creation PASSED [  1%]
tests/cli/test_cli_integration.py::TestDeleteDatabaseIntegration::test_delete_database_removes_existing_db PASSED [  1%]
tests/cli/test_cli_integration.py::TestDeleteDatabaseIntegration::test_delete_database_idempotent PASSED [  1%]
tests/cli/test_cli_integration.py::TestCliBuildWithDifferentOptions::test_build_with_ignore_db_flag PASSED [  2%]
tests/cli/test_cli_integration.py::TestCliBuildWithDifferentOptions::test_build_with_keep_directory_flag PASSED [  2%]
tests/cli/test_cli_integration.py::TestCliBuildWithDifferentOptions::test_build_all_boolean_flags_together PASSED [  2%]
tests/cli/test_cli_integration.py::TestCliErrorHandling::test_build_with_invalid_spec_file_content PASSED [  2%]
tests/cli/test_cli_integration.py::TestCliErrorHandling::test_build_with_nonexistent_data_dir PASSED [  3%]
tests/cli/test_cli_subprocess.py::TestCliCommandExists::test_clx_command_is_available PASSED [  3%]
tests/cli/test_cli_subprocess.py::TestCliCommandExists::test_clx_command_shows_version_info PASSED [  3%]
tests/cli/test_cli_subprocess.py::TestCliCommandExists::test_python_module_execution PASSED [  4%]
tests/cli/test_cli_subprocess.py::TestCliBuildSubprocess::test_build_requires_spec_file_argument PASSED [  4%]
tests/cli/test_cli_subprocess.py::TestCliBuildSubprocess::test_build_rejects_nonexistent_file PASSED [  4%]
tests/cli/test_cli_subprocess.py::TestCliBuildSubprocess::test_build_help_message PASSED [  4%]
tests/cli/test_cli_subprocess.py::TestCliBuildSubprocess::test_build_simple_course_subprocess PASSED [  5%]
tests/cli/test_cli_subprocess.py::TestDeleteDatabaseSubprocess::test_delete_database_help PASSED [  5%]
tests/cli/test_cli_subprocess.py::TestDeleteDatabaseSubprocess::test_delete_database_nonexistent PASSED [  5%]
tests/cli/test_cli_subprocess.py::TestDeleteDatabaseSubprocess::test_delete_database_existing PASSED [  6%]
tests/cli/test_cli_subprocess.py::TestCliSubprocessEnvironment::test_cli_with_custom_environment_variables PASSED [  6%]
tests/cli/test_cli_subprocess.py::TestCliSubprocessEnvironment::test_cli_exit_codes PASSED [  6%]
tests/cli/test_cli_subprocess.py::TestCliSubprocessEnvironment::test_cli_handles_keyboard_interrupt_gracefully PASSED [  6%]
tests/cli/test_cli_subprocess.py::TestCliSubprocessWithOptions::test_global_db_path_option PASSED [  7%]
tests/cli/test_cli_subprocess.py::TestCliSubprocessWithOptions::test_build_with_log_levels PASSED [  7%]
tests/cli/test_cli_subprocess.py::TestCliSubprocessOutputCapture::test_cli_output_is_captured PASSED [  7%]
tests/cli/test_cli_subprocess.py::TestCliSubprocessOutputCapture::test_cli_error_messages_are_helpful PASSED [  8%]
tests/cli/test_cli_subprocess.py::TestCliSubprocessOutputCapture::test_cli_progress_messages PASSED [  8%]
tests/cli/test_cli_unit.py::TestCliBasics::test_cli_help PASSED          [  8%]
tests/cli/test_cli_unit.py::TestCliBasics::test_cli_with_no_command PASSED [  9%]
tests/cli/test_cli_unit.py::TestBuildCommandArguments::test_build_help PASSED [  9%]
tests/cli/test_cli_unit.py::TestBuildCommandArguments::test_build_requires_spec_file PASSED [  9%]
tests/cli/test_cli_unit.py::TestBuildCommandArguments::test_build_rejects_nonexistent_spec_file PASSED [  9%]
tests/cli/test_cli_unit.py::TestBuildCommandArguments::test_build_accepts_valid_options PASSED [ 10%]
tests/cli/test_cli_unit.py::TestBuildCommandArguments::test_build_log_level_validation PASSED [ 10%]
tests/cli/test_cli_unit.py::TestBuildCommandArguments::test_build_accepts_valid_log_levels PASSED [ 10%]
tests/cli/test_cli_unit.py::TestBuildCommandArguments::test_build_boolean_flags PASSED [ 11%]
tests/cli/test_cli_unit.py::TestBuildCommandArguments::test_build_db_path_option PASSED [ 11%]
tests/cli/test_cli_unit.py::TestDeleteDatabaseCommand::test_delete_database_help PASSED [ 11%]
tests/cli/test_cli_unit.py::TestDeleteDatabaseCommand::test_delete_database_when_not_exists PASSED [ 11%]
tests/cli/test_cli_unit.py::TestDeleteDatabaseCommand::test_delete_database_when_exists PASSED [ 12%]
tests/cli/test_cli_unit.py::TestCliIsolation::test_multiple_invocations_are_isolated PASSED [ 12%]
tests/cli/test_cli_unit.py::TestCliIsolation::test_isolated_filesystem_provides_temp_directory PASSED [ 12%]
tests/cli/test_monitor_unit.py::TestFormatters::test_format_elapsed_seconds PASSED [ 13%]
tests/cli/test_monitor_unit.py::TestFormatters::test_format_elapsed_minutes PASSED [ 13%]
tests/cli/test_monitor_unit.py::TestFormatters::test_format_elapsed_hours PASSED [ 13%]
tests/cli/test_monitor_unit.py::TestFormatters::test_format_timestamp_absolute PASSED [ 13%]
tests/cli/test_monitor_unit.py::TestFormatters::test_format_size_bytes PASSED [ 14%]
tests/cli/test_monitor_unit.py::TestFormatters::test_format_size_kb PASSED [ 14%]
tests/cli/test_monitor_unit.py::TestFormatters::test_format_size_mb PASSED [ 14%]
tests/cli/test_monitor_unit.py::TestFormatters::test_format_size_gb PASSED [ 15%]
tests/cli/test_monitor_unit.py::TestFormatters::test_format_rate_per_minute PASSED [ 15%]
tests/cli/test_monitor_unit.py::TestFormatters::test_format_rate_per_second PASSED [ 15%]
tests/cli/test_monitor_unit.py::TestActivityEvent::test_create_job_started_event PASSED [ 16%]
tests/cli/test_monitor_unit.py::TestActivityEvent::test_create_job_completed_event PASSED [ 16%]
tests/cli/test_monitor_unit.py::TestActivityEvent::test_create_job_failed_event PASSED [ 16%]
tests/cli/test_monitor_unit.py::TestDataProvider::test_get_status_nonexistent_db PASSED [ 16%]
tests/cli/test_monitor_unit.py::TestDataProvider::test_get_recent_events_nonexistent_db PASSED [ 17%]
tests/cli/test_status_collector.py::TestStatusCollector::test_collect_database_not_found PASSED [ 17%]
tests/cli/test_status_collector.py::TestStatusCollector::test_collect_empty_database PASSED [ 17%]
tests/cli/test_status_collector.py::TestStatusCollector::test_collect_with_idle_workers PASSED [ 18%]
tests/cli/test_status_collector.py::TestStatusCollector::test_collect_with_busy_workers PASSED [ 18%]
tests/cli/test_status_collector.py::TestStatusCollector::test_collect_with_pending_jobs PASSED [ 18%]
tests/cli/test_status_collector.py::TestStatusCollector::test_collect_queue_stats PASSED [ 18%]
tests/cli/test_status_collector.py::TestStatusCollector::test_collect_mixed_execution_modes PASSED [ 19%]
tests/cli/test_status_collector.py::TestStatusCollector::test_collect_database_info PASSED [ 19%]
tests/cli/test_status_collector.py::TestStatusCollector::test_default_db_path_detection PASSED [ 19%]
tests/cli/test_status_integration.py::TestStatusCommandIntegration::test_status_command_no_database PASSED [ 20%]
tests/cli/test_status_integration.py::TestStatusCommandIntegration::test_status_command_empty_database PASSED [ 20%]
tests/cli/test_status_integration.py::TestStatusCommandIntegration::test_status_command_with_workers PASSED [ 20%]
tests/cli/test_status_integration.py::TestStatusCommandIntegration::test_status_command_json_format PASSED [ 20%]
tests/cli/test_status_integration.py::TestStatusCommandIntegration::test_status_command_compact_format PASSED [ 21%]
tests/cli/test_status_integration.py::TestStatusCommandIntegration::test_status_command_workers_only PASSED [ 21%]
tests/cli/test_status_integration.py::TestStatusCommandIntegration::test_status_command_jobs_only PASSED [ 21%]
tests/cli/test_status_integration.py::TestStatusCommandIntegration::test_status_command_no_color PASSED [ 22%]
tests/cli/test_status_integration.py::TestStatusCommandIntegration::test_status_command_with_pending_jobs PASSED [ 22%]
tests/cli/test_status_integration.py::TestStatusCommandIntegration::test_status_command_help PASSED [ 22%]
tests/cli/test_status_unit.py::TestModels::test_status_info_creation PASSED [ 23%]
tests/cli/test_status_unit.py::TestModels::test_worker_type_stats_with_busy_workers PASSED [ 23%]
tests/cli/test_status_unit.py::TestJsonFormatter::test_json_formatter_basic PASSED [ 23%]
tests/cli/test_status_unit.py::TestJsonFormatter::test_json_formatter_workers_only PASSED [ 23%]
tests/cli/test_status_unit.py::TestJsonFormatter::test_json_formatter_jobs_only PASSED [ 24%]
tests/cli/test_status_unit.py::TestJsonFormatter::test_json_formatter_exit_codes PASSED [ 24%]
tests/cli/test_status_unit.py::TestCompactFormatter::test_compact_formatter PASSED [ 24%]
tests/cli/test_status_unit.py::TestCompactFormatter::test_compact_formatter_healthy PASSED [ 25%]
tests/cli/test_status_unit.py::TestTableFormatter::test_table_formatter_basic PASSED [ 25%]
tests/cli/test_status_unit.py::TestTableFormatter::test_table_formatter_no_workers PASSED [ 25%]
tests/cli/test_status_unit.py::TestTableFormatter::test_table_formatter_workers_only PASSED [ 25%]
tests/cli/test_status_unit.py::TestTableFormatter::test_table_formatter_jobs_only PASSED [ 26%]
tests/cli/test_status_unit.py::TestTableFormatter::test_table_formatter_elapsed_time_format PASSED [ 26%]
tests/core/course_files/data_file_test.py::test_file_from_path_data_file PASSED [ 26%]
tests/core/course_files/data_file_test.py::test_file_from_path_data_file_operations PASSED [ 27%]
tests/core/course_files/data_file_test.py::test_data_file_source_outputs PASSED [ 27%]
tests/core/course_files/data_file_test.py::test_data_file_execute_does_not_call_backend ERROR [ 27%]
tests/core/course_files/data_file_test.py::test_data_file_generated_outputs PASSED [ 27%]
tests/core/course_files/drawio_file_test.py::test_file_from_path_drawio PASSED [ 28%]
tests/core/course_files/drawio_file_test.py::test_file_from_path_drawio_operations PASSED [ 28%]
tests/core/course_files/drawio_file_test.py::test_drawio_file_execute_calls_backend ERROR [ 28%]
tests/core/course_files/drawio_file_test.py::test_drawio_file_source_outputs PASSED [ 29%]
tests/core/course_files/drawio_file_test.py::test_drawio_file_generated_outputs PASSED [ 29%]
tests/core/course_files/notebook_file_test.py::test_file_from_path_notebook PASSED [ 29%]
tests/core/course_files/notebook_file_test.py::test_file_from_path_notebook_operations PASSED [ 30%]
tests/core/course_files/notebook_file_test.py::test_notebook_file_executes_calls_backend ERROR [ 30%]
tests/core/course_files/notebook_file_test.py::test_notebook_file_source_outputs PASSED [ 30%]
tests/core/course_files/notebook_file_test.py::test_notebook_file_generated_outputs PASSED [ 30%]
tests/core/course_files/plantuml_file_test.py::test_file_from_path_plant_uml PASSED [ 31%]
tests/core/course_files/plantuml_file_test.py::test_file_from_path_plant_uml_operations PASSED [ 31%]
tests/core/course_files/plantuml_file_test.py::test_drawio_file_execute_calls_backend ERROR [ 31%]
tests/core/course_files/plantuml_file_test.py::test_drawio_file_source_outputs PASSED [ 32%]
tests/core/course_files/plantuml_file_test.py::test_drawio_file_generated_outputs PASSED [ 32%]
tests/core/course_spec_test.py::test_parse_multilang PASSED              [ 32%]
tests/core/course_spec_test.py::test_parse_sections PASSED               [ 32%]
tests/core/course_spec_test.py::test_parse_dictionaries PASSED           [ 33%]
tests/core/course_spec_test.py::test_from_file PASSED                    [ 33%]
tests/core/course_test.py::test_build_topic_map PASSED                   [ 33%]
tests/core/course_test.py::test_course_from_spec_sections PASSED         [ 34%]
tests/core/course_test.py::test_course_dir_groups PASSED                 [ 34%]
tests/core/course_test.py::test_course_files PASSED                      [ 34%]
tests/core/course_test.py::test_course_notebooks PASSED                  [ 34%]
tests/core/course_test.py::test_find_file_does_not_find_non_existing_files PASSED [ 35%]
tests/core/course_test.py::test_add_file_to_course_adds_valid_files PASSED [ 35%]
tests/core/course_test.py::test_add_file_to_course_does_not_add_invalid_files PASSED [ 35%]
tests/core/course_test.py::test_course_dir_groups_copy PASSED            [ 36%]
tests/core/topic_test.py::test_topic_matches_path PASSED                 [ 36%]
tests/core/topic_test.py::test_topic_files PASSED                        [ 36%]
tests/core/utils/notebook_utils_test.py::test_find_images PASSED         [ 37%]
tests/core/utils/notebook_utils_test.py::test_find_notebook_titles_when_header_exists PASSED [ 37%]
tests/core/utils/notebook_utils_test.py::test_find_notebook_titles_when_header_does_not_exist PASSED [ 37%]
tests/core/utils/notebook_utils_test.py::test_find_imports_for_import PASSED [ 37%]
tests/core/utils/notebook_utils_test.py::test_find_imports_for_from_import PASSED [ 38%]
tests/core/utils/notebook_utils_test.py::test_find_imports_for_multiple_imports PASSED [ 38%]
tests/core/utils/text_utils_test.py::test_text_getitem PASSED            [ 38%]
tests/core/utils/text_utils_test.py::test_as_dir_name PASSED             [ 39%]
tests/e2e/test_e2e_course_conversion.py::test_course_1_conversion_structure PASSED [ 39%]
tests/e2e/test_e2e_course_conversion.py::test_course_2_conversion_structure PASSED [ 39%]
tests/e2e/test_e2e_course_conversion.py::test_course_dir_groups_structure PASSED [ 39%]
tests/e2e/test_e2e_course_conversion.py::test_course_1_notebooks_native_workers PASSED [ 40%]
tests/e2e/test_e2e_course_conversion.py::test_course_2_notebooks_native_workers PASSED [ 40%]
tests/e2e/test_e2e_course_conversion.py::test_course_dir_groups_copy_e2e PASSED [ 40%]
tests/e2e/test_e2e_course_conversion.py::test_course_3_single_notebook_structure PASSED [ 41%]
tests/e2e/test_e2e_course_conversion.py::test_course_4_single_plantuml_structure PASSED [ 41%]
tests/e2e/test_e2e_course_conversion.py::test_course_5_single_drawio_structure PASSED [ 41%]
tests/e2e/test_e2e_course_conversion.py::test_course_3_single_notebook_e2e PASSED [ 41%]
tests/e2e/test_e2e_course_conversion.py::test_course_4_single_plantuml_e2e PASSED [ 42%]
tests/e2e/test_e2e_course_conversion.py::test_course_5_single_drawio_e2e PASSED [ 42%]
tests/e2e/test_e2e_lifecycle.py::test_e2e_managed_workers_auto_lifecycle PASSED [ 42%]
tests/e2e/test_e2e_lifecycle.py::test_e2e_managed_workers_reuse_across_builds FAILED [ 43%]
tests/e2e/test_e2e_lifecycle.py::test_e2e_persistent_workers_workflow FAILED [ 43%]
tests/e2e/test_e2e_lifecycle.py::test_e2e_worker_health_monitoring_during_build FAILED [ 43%]
tests/e2e/test_e2e_lifecycle.py::test_e2e_managed_workers_docker_mode SKIPPED [ 44%]
tests/e2e/test_e2e_lifecycle.py::test_e2e_persistent_workers_docker_workflow SKIPPED [ 44%]
tests/infrastructure/backends/local_ops_backend_test.py::test_copy_file PASSED [ 44%]
tests/infrastructure/backends/local_ops_backend_test.py::test_copy_dir_group PASSED [ 44%]
tests/infrastructure/backends/test_sqlite_backend.py::test_sqlite_backend_initialization PASSED [ 45%]
tests/infrastructure/backends/test_sqlite_backend.py::test_sqlite_backend_context_manager PASSED [ 45%]
tests/infrastructure/backends/test_sqlite_backend.py::test_execute_operation_adds_job PASSED [ 45%]
tests/infrastructure/backends/test_sqlite_backend.py::test_execute_operation_multiple_job_types PASSED [ 46%]
tests/infrastructure/backends/test_sqlite_backend.py::test_execute_operation_unknown_service PASSED [ 46%]
tests/infrastructure/backends/test_sqlite_backend.py::test_wait_for_completion_no_jobs PASSED [ 46%]
tests/infrastructure/backends/test_sqlite_backend.py::test_wait_for_completion_successful_jobs PASSED [ 46%]
tests/infrastructure/backends/test_sqlite_backend.py::test_wait_for_completion_failed_job PASSED [ 47%]
tests/infrastructure/backends/test_sqlite_backend.py::test_wait_for_completion_timeout PASSED [ 47%]
tests/infrastructure/backends/test_sqlite_backend.py::test_sqlite_cache_hit PASSED [ 47%]
tests/infrastructure/backends/test_sqlite_backend.py::test_database_cache_hit PASSED [ 48%]
tests/infrastructure/backends/test_sqlite_backend.py::test_shutdown_with_pending_jobs PASSED [ 48%]
tests/infrastructure/backends/test_sqlite_backend.py::test_multiple_concurrent_operations PASSED [ 48%]
tests/infrastructure/backends/test_sqlite_backend.py::test_poll_interval_respected PASSED [ 48%]
tests/infrastructure/backends/test_sqlite_backend.py::test_job_not_found_in_database PASSED [ 49%]
tests/infrastructure/correlation_ids_test.py::test_clear_correlation_ids PASSED [ 49%]
tests/infrastructure/correlation_ids_test.py::test_new_correlation_id PASSED [ 49%]
tests/infrastructure/correlation_ids_test.py::test_new_correlation_ids_are_different PASSED [ 50%]
tests/infrastructure/correlation_ids_test.py::test_remove_correlation_id_removes_existing_correlation_id PASSED [ 50%]
tests/infrastructure/correlation_ids_test.py::test_remove_correlation_id_warns_on_non_existing_correlation_id PASSED [ 50%]
tests/infrastructure/database/db_operations_test.py::test_init_db PASSED [ 51%]
tests/infrastructure/database/db_operations_test.py::test_store_result PASSED [ 51%]
tests/infrastructure/database/db_operations_test.py::test_store_latest_result PASSED [ 51%]
tests/infrastructure/database/db_operations_test.py::test_get_result PASSED [ 51%]
tests/infrastructure/database/db_operations_test.py::test_remove_old_entries PASSED [ 52%]
tests/infrastructure/database/db_operations_test.py::test_get_newest_entry PASSED [ 52%]
tests/infrastructure/database/db_operations_test.py::test_context_manager PASSED [ 52%]
tests/infrastructure/database/test_job_queue.py::test_add_job PASSED     [ 53%]
tests/infrastructure/database/test_job_queue.py::test_get_next_job PASSED [ 53%]
tests/infrastructure/database/test_job_queue.py::test_get_next_job_by_type PASSED [ 53%]
tests/infrastructure/database/test_job_queue.py::test_get_next_job_priority PASSED [ 53%]
tests/infrastructure/database/test_job_queue.py::test_no_job_available PASSED [ 54%]
tests/infrastructure/database/test_job_queue.py::test_update_job_status_completed PASSED [ 54%]
tests/infrastructure/database/test_job_queue.py::test_update_job_status_failed PASSED [ 54%]
tests/infrastructure/database/test_job_queue.py::test_job_stats PASSED   [ 55%]
tests/infrastructure/database/test_job_queue.py::test_cache_operations PASSED [ 55%]
tests/infrastructure/database/test_job_queue.py::test_cache_access_tracking PASSED [ 55%]
tests/infrastructure/database/test_job_queue.py::test_max_attempts PASSED [ 55%]
tests/infrastructure/database/test_job_queue.py::test_get_jobs_by_status PASSED [ 56%]
tests/infrastructure/database/test_job_queue.py::test_reset_hung_jobs PASSED [ 56%]
tests/infrastructure/database/test_job_queue.py::test_clear_old_completed_jobs PASSED [ 56%]
tests/infrastructure/database/test_job_queue.py::test_thread_safety PASSED [ 57%]
tests/infrastructure/database/test_job_queue.py::test_job_to_dict PASSED [ 57%]
tests/infrastructure/database/test_schema.py::test_database_initialization PASSED [ 57%]
tests/infrastructure/database/test_schema.py::test_database_indexes PASSED [ 58%]
tests/infrastructure/database/test_schema.py::test_wal_mode_enabled PASSED [ 58%]
tests/infrastructure/database/test_schema.py::test_foreign_keys_enabled PASSED [ 58%]
tests/infrastructure/database/test_schema.py::test_schema_version_recorded PASSED [ 58%]
tests/infrastructure/database/test_schema.py::test_jobs_table_structure PASSED [ 59%]
tests/infrastructure/database/test_schema.py::test_status_constraint PASSED [ 59%]
tests/infrastructure/database/test_schema.py::test_results_cache_unique_constraint PASSED [ 59%]
tests/infrastructure/database/test_schema.py::test_idempotent_initialization PASSED [ 60%]
tests/infrastructure/operation_test.py::test_operations PASSED           [ 60%]
tests/infrastructure/test_config.py::TestConfigDefaults::test_default_paths PASSED [ 60%]
tests/infrastructure/test_config.py::TestConfigDefaults::test_default_logging PASSED [ 60%]
tests/infrastructure/test_config.py::TestConfigDefaults::test_default_external_tools PASSED [ 61%]
tests/infrastructure/test_config.py::TestConfigDefaults::test_default_jupyter PASSED [ 61%]
tests/infrastructure/test_config.py::TestConfigDefaults::test_default_workers PASSED [ 61%]
tests/infrastructure/test_config.py::TestEnvironmentVariables::test_clx_prefixed_env_vars PASSED [ 62%]
tests/infrastructure/test_config.py::TestEnvironmentVariables::test_nested_env_vars PASSED [ 62%]
tests/infrastructure/test_config.py::TestEnvironmentVariables::test_legacy_env_vars PASSED [ 62%]
tests/infrastructure/test_config.py::TestEnvironmentVariables::test_jupyter_env_vars PASSED [ 62%]
tests/infrastructure/test_config.py::TestEnvironmentVariables::test_case_insensitive_env_vars PASSED [ 63%]
tests/infrastructure/test_config.py::TestEnvironmentVariables::test_log_level_validation PASSED [ 63%]
tests/infrastructure/test_config.py::TestConfigurationFiles::test_toml_file_loading PASSED [ 63%]
tests/infrastructure/test_config.py::TestConfigurationFiles::test_dotclx_directory_config PASSED [ 64%]
tests/infrastructure/test_config.py::TestConfigurationFiles::test_config_file_priority PASSED [ 64%]
tests/infrastructure/test_config.py::TestConfigurationFiles::test_env_overrides_config_file PASSED [ 64%]
tests/infrastructure/test_config.py::TestConfigurationFiles::test_legacy_env_overrides_config_file PASSED [ 65%]
tests/infrastructure/test_config.py::TestConfigHelpers::test_find_config_files_empty PASSED [ 65%]
tests/infrastructure/test_config.py::TestConfigHelpers::test_find_config_files_project PASSED [ 65%]
tests/infrastructure/test_config.py::TestConfigHelpers::test_get_config_file_locations PASSED [ 65%]
tests/infrastructure/test_config.py::TestConfigHelpers::test_create_example_config PASSED [ 66%]
tests/infrastructure/test_config.py::TestConfigHelpers::test_write_example_config PASSED [ 66%]
tests/infrastructure/test_config.py::TestConfigHelpers::test_write_example_config_project PASSED [ 66%]
tests/infrastructure/test_config.py::TestConfigHelpers::test_write_example_config_invalid_location PASSED [ 67%]
tests/infrastructure/test_config.py::TestGetConfig::test_get_config_returns_singleton PASSED [ 67%]
tests/infrastructure/test_config.py::TestGetConfig::test_get_config_reload PASSED [ 67%]
tests/infrastructure/test_config.py::TestConfigIntegration::test_complete_priority_chain PASSED [ 67%]
tests/infrastructure/test_config.py::TestConfigIntegration::test_all_config_options PASSED [ 68%]
tests/infrastructure/test_config.py::TestWorkerManagementConfig::test_worker_management_defaults PASSED [ 68%]
tests/infrastructure/test_config.py::TestWorkerManagementConfig::test_worker_management_from_env PASSED [ 68%]
tests/infrastructure/test_config.py::TestWorkerManagementConfig::test_get_worker_config_direct PASSED [ 69%]
tests/infrastructure/test_config.py::TestWorkerManagementConfig::test_get_worker_config_docker PASSED [ 69%]
tests/infrastructure/test_config.py::TestWorkerManagementConfig::test_get_worker_config_with_override PASSED [ 69%]
tests/infrastructure/utils/path_utils_test.py::test_is_slides_file PASSED [ 69%]
tests/infrastructure/utils/path_utils_test.py::test_output_spec PASSED   [ 70%]
tests/infrastructure/utils/path_utils_test.py::test_simplify_ordered_name PASSED [ 70%]
tests/infrastructure/utils/path_utils_test.py::test_ext_for_python PASSED [ 70%]
tests/infrastructure/utils/path_utils_test.py::test_ext_for_cpp PASSED   [ 71%]
tests/infrastructure/utils/path_utils_test.py::test_ext_for_typescript PASSED [ 71%]
tests/infrastructure/workers/test_direct_integration.py::TestDirectWorkerIntegration::test_direct_worker_startup_and_registration PASSED [ 71%]
tests/infrastructure/workers/test_direct_integration.py::TestDirectWorkerIntegration::test_multiple_direct_workers PASSED [ 72%]
tests/infrastructure/workers/test_direct_integration.py::TestDirectWorkerIntegration::test_direct_worker_processes_job PASSED [ 72%]
tests/infrastructure/workers/test_direct_integration.py::TestDirectWorkerIntegration::test_direct_worker_health_monitoring PASSED [ 72%]
tests/infrastructure/workers/test_direct_integration.py::TestDirectWorkerIntegration::test_graceful_shutdown PASSED [ 72%]
tests/infrastructure/workers/test_direct_integration.py::TestMixedModeIntegration::test_mixed_worker_modes PASSED [ 73%]
tests/infrastructure/workers/test_direct_integration.py::TestMixedModeIntegration::test_stale_worker_cleanup_mixed_mode PASSED [ 73%]
tests/infrastructure/workers/test_event_logger.py::test_event_logger_creation PASSED [ 73%]
tests/infrastructure/workers/test_event_logger.py::test_log_worker_starting PASSED [ 74%]
tests/infrastructure/workers/test_event_logger.py::test_log_worker_registered PASSED [ 74%]
tests/infrastructure/workers/test_event_logger.py::test_log_worker_ready PASSED [ 74%]
tests/infrastructure/workers/test_event_logger.py::test_log_worker_stopping PASSED [ 74%]
tests/infrastructure/workers/test_event_logger.py::test_log_worker_stopped PASSED [ 75%]
tests/infrastructure/workers/test_event_logger.py::test_log_worker_failed PASSED [ 75%]
tests/infrastructure/workers/test_event_logger.py::test_log_pool_events PASSED [ 75%]
tests/infrastructure/workers/test_event_logger.py::test_session_id_tracking PASSED [ 76%]
tests/infrastructure/workers/test_lifecycle_integration.py::TestManagedWorkerLifecycle::test_start_managed_workers_direct FAILED [ 76%]
tests/infrastructure/workers/test_lifecycle_integration.py::TestManagedWorkerLifecycle::test_start_managed_workers_reuse FAILED [ 76%]
tests/infrastructure/workers/test_lifecycle_integration.py::TestManagedWorkerLifecycle::test_start_managed_workers_fresh PASSED [ 76%]
tests/infrastructure/workers/test_lifecycle_integration.py::TestManagedWorkerLifecycle::test_auto_start_behavior PASSED [ 77%]
tests/infrastructure/workers/test_lifecycle_integration.py::TestPersistentWorkerLifecycle::test_start_persistent_workers PASSED [ 77%]
tests/infrastructure/workers/test_lifecycle_integration.py::TestPersistentWorkerLifecycle::test_persistent_workers_survive_manager_restart FAILED [ 77%]
tests/infrastructure/workers/test_lifecycle_integration.py::TestPersistentWorkerLifecycle::test_stop_persistent_workers PASSED [ 78%]
tests/infrastructure/workers/test_lifecycle_integration.py::TestWorkerDiscovery::test_discover_healthy_workers FAILED [ 78%]
tests/infrastructure/workers/test_lifecycle_integration.py::TestWorkerDiscovery::test_discover_workers_by_status PASSED [ 78%]
tests/infrastructure/workers/test_lifecycle_integration.py::TestDockerWorkerLifecycle::test_start_managed_workers_docker SKIPPED [ 79%]
tests/infrastructure/workers/test_lifecycle_integration.py::TestDockerWorkerLifecycle::test_start_persistent_workers_docker SKIPPED [ 79%]
tests/infrastructure/workers/test_pool_manager.py::test_worker_config_creation PASSED [ 79%]
tests/infrastructure/workers/test_pool_manager.py::test_worker_config_custom_values PASSED [ 79%]
tests/infrastructure/workers/test_pool_manager.py::test_pool_manager_initialization PASSED [ 80%]
tests/infrastructure/workers/test_pool_manager.py::test_pool_manager_start_pools PASSED [ 80%]
tests/infrastructure/workers/test_pool_manager.py::test_pool_manager_start_worker_with_correct_params PASSED [ 80%]
tests/infrastructure/workers/test_pool_manager.py::test_pool_manager_stop_pools PASSED [ 81%]
tests/infrastructure/workers/test_pool_manager.py::test_pool_manager_get_worker_stats PASSED [ 81%]
tests/infrastructure/workers/test_pool_manager.py::test_pool_manager_is_heartbeat_stale PASSED [ 81%]
tests/infrastructure/workers/test_pool_manager.py::test_pool_manager_calculate_cpu_percent PASSED [ 81%]
tests/infrastructure/workers/test_pool_manager.py::test_pool_manager_calculate_cpu_percent_zero_delta PASSED [ 82%]
tests/infrastructure/workers/test_pool_manager.py::test_pool_manager_handles_docker_errors PASSED [ 82%]
tests/infrastructure/workers/test_pool_manager.py::test_pool_manager_volumes_mounted_correctly PASSED [ 82%]
tests/infrastructure/workers/test_pool_manager.py::test_pool_manager_removes_existing_container PASSED [ 83%]
tests/infrastructure/workers/test_pool_manager.py::test_pool_manager_monitoring_not_started_by_default PASSED [ 83%]
tests/infrastructure/workers/test_pool_manager.py::test_pool_manager_start_monitoring PASSED [ 83%]
tests/infrastructure/workers/test_state_manager.py::test_worker_info_creation PASSED [ 83%]
tests/infrastructure/workers/test_state_manager.py::test_worker_state_creation PASSED [ 84%]
tests/infrastructure/workers/test_state_manager.py::test_state_manager_save_and_load PASSED [ 84%]
tests/infrastructure/workers/test_state_manager.py::test_state_manager_load_nonexistent PASSED [ 84%]
tests/infrastructure/workers/test_state_manager.py::test_state_manager_clear PASSED [ 85%]
tests/infrastructure/workers/test_state_manager.py::test_state_manager_validate_state PASSED [ 85%]
tests/infrastructure/workers/test_state_manager.py::test_state_manager_default_location PASSED [ 85%]
tests/infrastructure/workers/test_worker_base.py::test_worker_initialization PASSED [ 86%]
tests/infrastructure/workers/test_worker_base.py::test_worker_custom_poll_interval PASSED [ 86%]
tests/infrastructure/workers/test_worker_base.py::test_worker_processes_single_job PASSED [ 86%]
tests/infrastructure/workers/test_worker_base.py::test_worker_processes_multiple_jobs PASSED [ 86%]
tests/infrastructure/workers/test_worker_base.py::test_worker_handles_job_failure PASSED [ 87%]
tests/infrastructure/workers/test_worker_base.py::test_worker_updates_heartbeat PASSED [ 87%]
tests/infrastructure/workers/test_worker_base.py::test_worker_updates_status PASSED [ 87%]
tests/infrastructure/workers/test_worker_base.py::test_worker_tracks_statistics PASSED [ 88%]
tests/infrastructure/workers/test_worker_base.py::test_worker_tracks_failed_statistics PASSED [ 88%]
tests/infrastructure/workers/test_worker_base.py::test_worker_stops_gracefully PASSED [ 88%]
tests/infrastructure/workers/test_worker_base.py::test_worker_handles_no_jobs PASSED [ 88%]
tests/infrastructure/workers/test_worker_base.py::test_worker_only_processes_own_type PASSED [ 89%]
tests/infrastructure/workers/test_worker_base.py::test_worker_sets_status_to_dead_on_shutdown PASSED [ 89%]
tests/infrastructure/workers/test_worker_executor.py::TestWorkerConfig::test_docker_config_creation PASSED [ 89%]
tests/infrastructure/workers/test_worker_executor.py::TestWorkerConfig::test_direct_config_creation PASSED [ 90%]
tests/infrastructure/workers/test_worker_executor.py::TestWorkerConfig::test_docker_config_requires_image PASSED [ 90%]
tests/infrastructure/workers/test_worker_executor.py::TestWorkerConfig::test_invalid_execution_mode PASSED [ 90%]
tests/infrastructure/workers/test_worker_executor.py::TestWorkerConfig::test_default_execution_mode PASSED [ 90%]
tests/infrastructure/workers/test_worker_executor.py::TestDirectWorkerExecutor::test_initialization PASSED [ 91%]
tests/infrastructure/workers/test_worker_executor.py::TestDirectWorkerExecutor::test_start_worker PASSED [ 91%]
tests/infrastructure/workers/test_worker_executor.py::TestDirectWorkerExecutor::test_start_worker_unknown_type PASSED [ 91%]
tests/infrastructure/workers/test_worker_executor.py::TestDirectWorkerExecutor::test_stop_worker PASSED [ 92%]
tests/infrastructure/workers/test_worker_executor.py::TestDirectWorkerExecutor::test_stop_worker_not_found PASSED [ 92%]
tests/infrastructure/workers/test_worker_executor.py::TestDirectWorkerExecutor::test_is_worker_running PASSED [ 92%]
tests/infrastructure/workers/test_worker_executor.py::TestDirectWorkerExecutor::test_is_worker_running_nonexistent PASSED [ 93%]
tests/infrastructure/workers/test_worker_executor.py::TestDirectWorkerExecutor::test_get_worker_stats PASSED [ 93%]
tests/infrastructure/workers/test_worker_executor.py::TestDirectWorkerExecutor::test_get_worker_stats_nonexistent PASSED [ 93%]
tests/infrastructure/workers/test_worker_executor.py::TestDirectWorkerExecutor::test_cleanup PASSED [ 93%]
tests/infrastructure/workers/test_worker_executor.py::TestDirectWorkerExecutor::test_stop_worker_timeout PASSED [ 94%]
tests/infrastructure/workers/test_worker_executor.py::TestDockerWorkerExecutor::test_initialization PASSED [ 94%]
tests/infrastructure/workers/test_worker_executor.py::TestDockerWorkerExecutor::test_start_worker PASSED [ 94%]
tests/infrastructure/workers/test_worker_executor.py::TestDockerWorkerExecutor::test_stop_worker PASSED [ 95%]
tests/infrastructure/workers/test_worker_executor.py::TestDockerWorkerExecutor::test_is_worker_running PASSED [ 95%]
tests/web/test_api_integration.py::TestAPIEndpoints::test_health_endpoint PASSED [ 95%]
tests/web/test_api_integration.py::TestAPIEndpoints::test_version_endpoint PASSED [ 95%]
tests/web/test_api_integration.py::TestAPIEndpoints::test_status_endpoint PASSED [ 96%]
tests/web/test_api_integration.py::TestAPIEndpoints::test_workers_endpoint PASSED [ 96%]
tests/web/test_api_integration.py::TestAPIEndpoints::test_jobs_endpoint PASSED [ 96%]
tests/web/test_api_integration.py::TestAPIEndpoints::test_jobs_endpoint_with_pagination PASSED [ 97%]
tests/web/test_api_integration.py::TestAPIEndpoints::test_jobs_endpoint_with_status_filter PASSED [ 97%]
tests/web/test_api_integration.py::TestAPIEndpoints::test_root_endpoint PASSED [ 97%]
tests/web/test_api_integration.py::TestAPIEndpoints::test_docs_endpoint PASSED [ 97%]
tests/web/test_api_integration.py::TestAPIEndpoints::test_openapi_endpoint PASSED [ 98%]
tests/web/test_api_unit.py::TestAPIModels::test_health_response_creation PASSED [ 98%]
tests/web/test_api_unit.py::TestAPIModels::test_version_response_creation PASSED [ 98%]
tests/web/test_api_unit.py::TestAPIModels::test_worker_type_stats_response PASSED [ 99%]
tests/web/test_api_unit.py::TestMonitorService::test_monitor_service_get_status_nonexistent_db PASSED [ 99%]
tests/web/test_api_unit.py::TestMonitorService::test_monitor_service_get_workers_empty PASSED [ 99%]
tests/web/test_api_unit.py::TestMonitorService::test_monitor_service_get_jobs_empty PASSED [100%]

=================================== ERRORS ====================================
_______ ERROR at setup of test_data_file_execute_does_not_call_backend ________
file C:\Users\tc\Programming\Python\Projects\clx-claude\tests\core\course_files\data_file_test.py, line 69
  async def test_data_file_execute_does_not_call_backend(
      data_file_and_output_dir, mocker
  ):
      spy = mocker.spy(DummyBackend, "execute_operation")
      backend = DummyBackend()
      data_file, output_dir = data_file_and_output_dir

      unit = await data_file.get_processing_operation(output_dir)
      await unit.execute(backend)

      assert spy.call_count == 0
E       fixture 'mocker' not found
>       available fixtures: _class_scoped_runner, _function_scoped_runner, _module_scoped_runner, _package_scoped_runner, _session_scoped_runner, anyio_backend, anyio_backend_name, anyio_backend_options, auto_configure_logging_for_marked_tests, cache, capfd, capfdbinary, caplog, capsys, capsysbinary, capteesys, configure_test_logging, course_1, course_1_spec, course_1_xml, course_2, course_2_spec, course_2_xml, course_3_spec, course_4_spec, course_5_spec, cov, data_file_and_output_dir, doctest_namespace, e2e_course_1, e2e_course_2, e2e_course_3, e2e_course_4, e2e_course_5, e2e_test_data_copy, event_loop_policy, free_tcp_port, free_tcp_port_factory, free_udp_port, free_udp_port_factory, monkeypatch, no_cover, pytestconfig, record_property, record_testsuite_property, record_xml_attribute, recwarn, section_1, subtests, tmp_path, tmp_path_factory, tmpdir, tmpdir_factory, topic_1, unused_tcp_port, unused_tcp_port_factory, unused_udp_port, unused_udp_port_factory
>       use 'pytest --fixtures [testpath]' for help on them.

C:\Users\tc\Programming\Python\Projects\clx-claude\tests\core\course_files\data_file_test.py:69
__________ ERROR at setup of test_drawio_file_execute_calls_backend ___________
file C:\Users\tc\Programming\Python\Projects\clx-claude\tests\core\course_files\drawio_file_test.py, line 47
  async def test_drawio_file_execute_calls_backend(drawio_file_and_output_dir, mocker):
      spy = mocker.spy(DummyBackend, "execute_operation")
      backend = DummyBackend()
      drawio_file, output_dir = drawio_file_and_output_dir

      unit = await drawio_file.get_processing_operation(output_dir)
      await unit.execute(backend)

      assert spy.call_count == 1
E       fixture 'mocker' not found
>       available fixtures: _class_scoped_runner, _function_scoped_runner, _module_scoped_runner, _package_scoped_runner, _session_scoped_runner, anyio_backend, anyio_backend_name, anyio_backend_options, auto_configure_logging_for_marked_tests, cache, capfd, capfdbinary, caplog, capsys, capsysbinary, capteesys, configure_test_logging, course_1, course_1_spec, course_1_xml, course_2, course_2_spec, course_2_xml, course_3_spec, course_4_spec, course_5_spec, cov, doctest_namespace, drawio_file_and_output_dir, e2e_course_1, e2e_course_2, e2e_course_3, e2e_course_4, e2e_course_5, e2e_test_data_copy, event_loop_policy, free_tcp_port, free_tcp_port_factory, free_udp_port, free_udp_port_factory, monkeypatch, no_cover, pytestconfig, record_property, record_testsuite_property, record_xml_attribute, recwarn, section_1, subtests, tmp_path, tmp_path_factory, tmpdir, tmpdir_factory, topic_1, unused_tcp_port, unused_tcp_port_factory, unused_udp_port, unused_udp_port_factory
>       use 'pytest --fixtures [testpath]' for help on them.

C:\Users\tc\Programming\Python\Projects\clx-claude\tests\core\course_files\drawio_file_test.py:47
_________ ERROR at setup of test_notebook_file_executes_calls_backend _________
file C:\Users\tc\Programming\Python\Projects\clx-claude\tests\core\course_files\notebook_file_test.py, line 66
  async def test_notebook_file_executes_calls_backend(
      notebook_file_and_output_dir, mocker
  ):
      spy = mocker.spy(DummyBackend, "execute_operation")
      backend = DummyBackend()
      notebook_file, output_dir = notebook_file_and_output_dir

      unit = await notebook_file.get_processing_operation(output_dir)
      await unit.execute(backend)

      # The backend is called once for each output spec
      assert spy.call_count == len(list(output_specs(notebook_file.course, Path())))
E       fixture 'mocker' not found
>       available fixtures: _class_scoped_runner, _function_scoped_runner, _module_scoped_runner, _package_scoped_runner, _session_scoped_runner, anyio_backend, anyio_backend_name, anyio_backend_options, auto_configure_logging_for_marked_tests, cache, capfd, capfdbinary, caplog, capsys, capsysbinary, capteesys, configure_test_logging, course_1, course_1_spec, course_1_xml, course_2, course_2_spec, course_2_xml, course_3_spec, course_4_spec, course_5_spec, cov, doctest_namespace, e2e_course_1, e2e_course_2, e2e_course_3, e2e_course_4, e2e_course_5, e2e_test_data_copy, event_loop_policy, free_tcp_port, free_tcp_port_factory, free_udp_port, free_udp_port_factory, monkeypatch, no_cover, notebook_file_and_output_dir, pytestconfig, record_property, record_testsuite_property, record_xml_attribute, recwarn, section_1, subtests, tmp_path, tmp_path_factory, tmpdir, tmpdir_factory, topic_1, unused_tcp_port, unused_tcp_port_factory, unused_udp_port, unused_udp_port_factory
>       use 'pytest --fixtures [testpath]' for help on them.

C:\Users\tc\Programming\Python\Projects\clx-claude\tests\core\course_files\notebook_file_test.py:66
__________ ERROR at setup of test_drawio_file_execute_calls_backend ___________
file C:\Users\tc\Programming\Python\Projects\clx-claude\tests\core\course_files\plantuml_file_test.py, line 48
  async def test_drawio_file_execute_calls_backend(plantuml_file_and_output_dir, mocker):
      spy = mocker.spy(DummyBackend, "execute_operation")
      backend = DummyBackend()
      plantuml_file, output_dir = plantuml_file_and_output_dir

      unit = await plantuml_file.get_processing_operation(output_dir)
      await unit.execute(backend)

      assert spy.call_count == 1
E       fixture 'mocker' not found
>       available fixtures: _class_scoped_runner, _function_scoped_runner, _module_scoped_runner, _package_scoped_runner, _session_scoped_runner, anyio_backend, anyio_backend_name, anyio_backend_options, auto_configure_logging_for_marked_tests, cache, capfd, capfdbinary, caplog, capsys, capsysbinary, capteesys, configure_test_logging, course_1, course_1_spec, course_1_xml, course_2, course_2_spec, course_2_xml, course_3_spec, course_4_spec, course_5_spec, cov, doctest_namespace, e2e_course_1, e2e_course_2, e2e_course_3, e2e_course_4, e2e_course_5, e2e_test_data_copy, event_loop_policy, free_tcp_port, free_tcp_port_factory, free_udp_port, free_udp_port_factory, monkeypatch, no_cover, plantuml_file_and_output_dir, pytestconfig, record_property, record_testsuite_property, record_xml_attribute, recwarn, section_1, subtests, tmp_path, tmp_path_factory, tmpdir, tmpdir_factory, topic_1, unused_tcp_port, unused_tcp_port_factory, unused_udp_port, unused_udp_port_factory
>       use 'pytest --fixtures [testpath]' for help on them.

C:\Users\tc\Programming\Python\Projects\clx-claude\tests\core\course_files\plantuml_file_test.py:48
================================== FAILURES ===================================
E   AssertionError: Should reuse existing workers
    assert [1, 2, 3, 4] == [5, 6, 7, 8]
      
      At index 0 diff: 1 != 5
      
      Full diff:
        [
      -     5,
      ?     ^
      +     1,
      ?     ^
      -     6,
      ?     ^
      +     2,
      ?     ^
      -     7,
      ?     ^
      +     3,
      ?     ^
      -     8,
      ?     ^
      +     4,
      ?     ^
        ]
---------------------------- Captured stderr setup ----------------------------
INFO:root:Test logging configured for test_e2e_managed_workers_reuse_across_builds: level=INFO
----------------------------- Captured log setup ------------------------------
INFO     root:conftest.py:341 Test logging configured for test_e2e_managed_workers_reuse_across_builds: level=INFO
---------------------------- Captured stderr call -----------------------------
INFO:clx.infrastructure.workers.config_loader:Config override: default_execution_mode = direct
INFO:clx.infrastructure.workers.config_loader:Config override: auto_start = True
INFO:clx.infrastructure.workers.config_loader:Config override: auto_stop = False
INFO:clx.infrastructure.workers.config_loader:Config override: reuse_workers = True
INFO:clx.infrastructure.workers.config_loader:Config override: notebook.count = 2
INFO:tests.e2e.test_e2e_lifecycle:=== First build ===
INFO:clx.infrastructure.workers.lifecycle_manager:Starting managed workers...
INFO:clx.infrastructure.workers.lifecycle_manager:Adjusted notebook: needed=2, healthy=0, starting=2
INFO:clx.infrastructure.workers.lifecycle_manager:Adjusted plantuml: needed=1, healthy=0, starting=1
INFO:clx.infrastructure.workers.lifecycle_manager:Adjusted drawio: needed=1, healthy=0, starting=1
INFO:clx.infrastructure.workers.event_logger:[pool_starting] Starting worker pool with 4 worker(s)
INFO:clx.infrastructure.workers.pool_manager:Starting worker pools with 3 configurations
INFO:clx.infrastructure.workers.pool_manager:Cleaning up stale worker records from database
INFO:clx.infrastructure.workers.pool_manager:No existing worker records found
INFO:clx.infrastructure.workers.pool_manager:Starting 2 notebook workers (mode: direct)
INFO:clx.infrastructure.workers.worker_executor:Starting direct worker: direct-notebook-0-f3f0b3b1
INFO:clx.infrastructure.workers.worker_executor:Started direct worker: direct-notebook-0-f3f0b3b1 (PID: 20092)
INFO:clx.infrastructure.workers.pool_manager:Worker 1 registered: notebook-0 (executor_id: direct-noteb)
INFO:clx.infrastructure.workers.worker_executor:Starting direct worker: direct-notebook-1-24ac78dc
INFO:clx.infrastructure.workers.worker_executor:Started direct worker: direct-notebook-1-24ac78dc (PID: 44944)
INFO:clx.infrastructure.workers.pool_manager:Worker 2 registered: notebook-1 (executor_id: direct-noteb)
INFO:clx.infrastructure.workers.pool_manager:Starting 1 plantuml workers (mode: direct)
INFO:clx.infrastructure.workers.worker_executor:Starting direct worker: direct-plantuml-0-49f22572
INFO:clx.infrastructure.workers.worker_executor:Started direct worker: direct-plantuml-0-49f22572 (PID: 28664)
INFO:clx.infrastructure.workers.pool_manager:Worker 3 registered: plantuml-0 (executor_id: direct-plant)
INFO:clx.infrastructure.workers.pool_manager:Starting 1 drawio workers (mode: direct)
INFO:clx.infrastructure.workers.worker_executor:Starting direct worker: direct-drawio-0-0a29919b
INFO:clx.infrastructure.workers.worker_executor:Started direct worker: direct-drawio-0-0a29919b (PID: 31720)
INFO:clx.infrastructure.workers.pool_manager:Worker 4 registered: drawio-0 (executor_id: direct-drawi)
INFO:clx.infrastructure.workers.pool_manager:Started 4 workers total
INFO:clx.infrastructure.workers.event_logger:[pool_started] Worker pool started with 4 worker(s) in 3.5s
INFO:clx.infrastructure.workers.lifecycle_manager:Started 4 managed worker(s)
INFO:clx.infrastructure.backends.sqlite_backend:Initialized SQLite backend with database: C:\Users\tc\AppData\Local\Temp\tmprwgwwxdh.db
INFO:clx.core.course:Processing all files for C:\Users\tc\AppData\Local\Temp\pytest-of-tc\pytest-109\test_e2e_managed_workers_reuse0\test-data
INFO:clx.core.operations.convert_source_output_file:Converting DrawIO file: 'drawio\my_drawing.drawio' -> 'C:\Users\tc\AppData\Local\Temp\pytest-of-tc\pytest-109\test_e2e_managed_workers_reuse0\test-data\slides\module_000_test_1\topic_100_some_topic_from_test_1\img\my_drawing.png'
INFO:clx.infrastructure.database.job_queue:Job #1 submitted: drawio for C:\Users\tc\AppData\Local\Temp\pytest-of-tc\pytest-109\test_e2e_managed_workers_reuse0\test-data\slides\module_000_test_1\topic_100_some_topic_from_test_1\drawio\my_drawing.drawio [correlation_id: 64f78fde-6751-4e8a-a4a6-89df2e10019b]
INFO:clx.core.operations.convert_source_output_file:Converting PlantUML file: 'pu\my_diag.pu' -> 'C:\Users\tc\AppData\Local\Temp\pytest-of-tc\pytest-109\test_e2e_managed_workers_reuse0\test-data\slides\module_000_test_1\topic_100_some_topic_from_test_1\img\my_diag.png'
INFO:clx.infrastructure.database.job_queue:Job #2 submitted: plantuml for C:\Users\tc\AppData\Local\Temp\pytest-of-tc\pytest-109\test_e2e_managed_workers_reuse0\test-data\slides\module_000_test_1\topic_100_some_topic_from_test_1\pu\my_diag.pu [correlation_id: e54ae5b6-22a4-42ce-b52e-a3e5e3fe3185]
INFO:clx.core.operations.process_notebook:Processing notebook 'slides_some_topic_from_test_1.py' to 'C:\Users\tc\AppData\Local\Temp\pytest-of-tc\pytest-109\test_e2e_managed_workers_reuse0\output\public\De\Mein Kurs\Folien\Html\Code-Along\Woche 1\01 Folien von Test 1.html'
INFO:clx.infrastructure.database.job_queue:Job #3 submitted: notebook for C:\Users\tc\AppData\Local\Temp\pytest-of-tc\pytest-109\test_e2e_managed_workers_reuse0\test-data\slides\module_000_test_1\topic_100_some_topic_from_test_1\slides_some_topic_from_test_1.py [correlation_id: 96e791cd-6650-4beb-8652-2a89de6b2456]
INFO:clx.core.operations.process_notebook:Processing notebook 'slides_some_topic_from_test_1.py' to 'C:\Users\tc\AppData\Local\Temp\pytest-of-tc\pytest-109\test_e2e_managed_workers_reuse0\output\public\De\Mein Kurs\Folien\Html\Completed\Woche 1\01 Folien von Test 1.html'
INFO:clx.infrastructure.database.job_queue:Job #4 submitted: notebook for C:\Users\tc\AppData\Local\Temp\pytest-of-tc\pytest-109\test_e2e_managed_workers_reuse0\test-data\slides\module_000_test_1\topic_100_some_topic_from_test_1\slides_some_topic_from_test_1.py [correlation_id: 27bd01e5-e5cf-42e1-b724-624e9aabb4a2]
INFO:clx.core.operations.process_notebook:Processing notebook 'slides_some_topic_from_test_1.py' to 'C:\Users\tc\AppData\Local\Temp\pytest-of-tc\pytest-109\test_e2e_managed_workers_reuse0\output\public\De\Mein Kurs\Folien\Notebooks\Code-Along\Woche 1\01 Folien von Test 1.ipynb'
INFO:clx.infrastructure.database.job_queue:Job #5 submitted: notebook for C:\Users\tc\AppData\Local\Temp\pytest-of-tc\pytest-109\test_e2e_managed_workers_reuse0\test-data\slides\module_000_test_1\topic_100_some_topic_from_test_1\slides_some_topic_from_test_1.py [correlation_id: 65c3c6d4-6124-4b2b-a5ac-6d60ff9f7aec]
INFO:clx.core.operations.process_notebook:Processing notebook 'slides_some_topic_from_test_1.py' to 'C:\Users\tc\AppData\Local\Temp\pytest-of-tc\pytest-109\test_e2e_managed_workers_reuse0\output\public\De\Mein Kurs\Folien\Notebooks\Completed\Woche 1\01 Folien von Test 1.ipynb'
INFO:clx.infrastructure.database.job_queue:Job #6 submitted: notebook for C:\Users\tc\AppData\Local\Temp\pytest-of-tc\pytest-109\test_e2e_managed_workers_reuse0\test-data\slides\module_000_test_1\topic_100_some_topic_from_test_1\slides_some_topic_from_test_1.py [correlation_id: 54e1a1e4-a378-4e54-8778-93112c430c8c]
INFO:clx.core.operations.process_notebook:Processing notebook 'slides_some_topic_from_test_1.py' to 'C:\Users\tc\AppData\Local\Temp\pytest-of-tc\pytest-109\test_e2e_managed_workers_reuse0\output\public\En\My Course\Slides\Html\Code-Along\Week 1\01 Some Topic from Test 1.html'
INFO:clx.infrastructure.database.job_queue:Job #7 submitted: notebook for C:\Users\tc\AppData\Local\Temp\pytest-of-tc\pytest-109\test_e2e_managed_workers_reuse0\test-data\slides\module_000_test_1\topic_100_some_topic_from_test_1\slides_some_topic_from_test_1.py [correlation_id: 775a3cc3-557c-43c6-bf07-602ebf1b748e]
INFO:clx.core.operations.process_notebook:Processing notebook 'slides_some_topic_from_test_1.py' to 'C:\Users\tc\AppData\Local\Temp\pytest-of-tc\pytest-109\test_e2e_managed_workers_reuse0\output\public\En\My Course\Slides\Html\Completed\Week 1\01 Some Topic from Test 1.html'
INFO:clx.infrastructure.database.job_queue:Job #8 submitted: notebook for C:\Users\tc\AppData\Local\Temp\pytest-of-tc\pytest-109\test_e2e_managed_workers_reuse0\test-data\slides\module_000_test_1\topic_100_some_topic_from_test_1\slides_some_topic_from_test_1.py [correlation_id: fb41df82-99f3-4f29-b48a-36b1fb0bb1cc]
INFO:clx.core.operations.process_notebook:Processing notebook 'slides_some_topic_from_test_1.py' to 'C:\Users\tc\AppData\Local\Temp\pytest-of-tc\pytest-109\test_e2e_managed_workers_reuse0\output\public\En\My Course\Slides\Notebooks\Code-Along\Week 1\01 Some Topic from Test 1.ipynb'
INFO:clx.infrastructure.database.job_queue:Job #9 submitted: notebook for C:\Users\tc\AppData\Local\Temp\pytest-of-tc\pytest-109\test_e2e_managed_workers_reuse0\test-data\slides\module_000_test_1\topic_100_some_topic_from_test_1\slides_some_topic_from_test_1.py [correlation_id: f7581f6d-41fa-4178-9ad1-4b5a29aecffb]
INFO:clx.core.operations.process_notebook:Processing notebook 'slides_some_topic_from_test_1.py' to 'C:\Users\tc\AppData\Local\Temp\pytest-of-tc\pytest-109\test_e2e_managed_workers_reuse0\output\public\En\My Course\Slides\Notebooks\Completed\Week 1\01 Some Topic from Test 1.ipynb'
INFO:clx.infrastructure.database.job_queue:Job #10 submitted: notebook for C:\Users\tc\AppData\Local\Temp\pytest-of-tc\pytest-109\test_e2e_managed_workers_reuse0\test-data\slides\module_000_test_1\topic_100_some_topic_from_test_1\slides_some_topic_from_test_1.py [correlation_id: 46b14c3b-1199-417c-859c-611d2a856bc3]
INFO:clx.core.operations.process_notebook:Processing notebook 'slides_some_topic_from_test_1.py' to 'C:\Users\tc\AppData\Local\Temp\pytest-of-tc\pytest-109\test_e2e_managed_workers_reuse0\output\public\De\Mein Kurs\Folien\Python\Completed\Woche 1\01 Folien von Test 1.py'
INFO:clx.infrastructure.database.job_queue:Job #11 submitted: notebook for C:\Users\tc\AppData\Local\Temp\pytest-of-tc\pytest-109\test_e2e_managed_workers_reuse0\test-data\slides\module_000_test_1\topic_100_some_topic_from_test_1\slides_some_topic_from_test_1.py [correlation_id: 063761fa-49fa-48ee-9d43-762dde189df9]
INFO:clx.core.operations.process_notebook:Processing notebook 'slides_some_topic_from_test_1.py' to 'C:\Users\tc\AppData\Local\Temp\pytest-of-tc\pytest-109\test_e2e_managed_workers_reuse0\output\public\En\My Course\Slides\Python\Completed\Week 1\01 Some Topic from Test 1.py'
INFO:clx.infrastructure.database.job_queue:Job #12 submitted: notebook for C:\Users\tc\AppData\Local\Temp\pytest-of-tc\pytest-109\test_e2e_managed_workers_reuse0\test-data\slides\module_000_test_1\topic_100_some_topic_from_test_1\slides_some_topic_from_test_1.py [correlation_id: ca13cea8-bc06-4f0c-803c-f961c707ad22]
INFO:clx.core.operations.process_notebook:Processing notebook 'slides_some_topic_from_test_1.py' to 'C:\Users\tc\AppData\Local\Temp\pytest-of-tc\pytest-109\test_e2e_managed_workers_reuse0\output\speaker\De\Mein Kurs\Folien\Html\Speaker\Woche 1\01 Folien von Test 1.html'
INFO:clx.infrastructure.database.job_queue:Job #13 submitted: notebook for C:\Users\tc\AppData\Local\Temp\pytest-of-tc\pytest-109\test_e2e_managed_workers_reuse0\test-data\slides\module_000_test_1\topic_100_some_topic_from_test_1\slides_some_topic_from_test_1.py [correlation_id: 9b37ee08-1c79-4766-8610-7dcb36868182]
INFO:clx.core.operations.process_notebook:Processing notebook 'slides_some_topic_from_test_1.py' to 'C:\Users\tc\AppData\Local\Temp\pytest-of-tc\pytest-109\test_e2e_managed_workers_reuse0\output\speaker\De\Mein Kurs\Folien\Notebooks\Speaker\Woche 1\01 Folien von Test 1.ipynb'
INFO:clx.infrastructure.database.job_queue:Job #14 submitted: notebook for C:\Users\tc\AppData\Local\Temp\pytest-of-tc\pytest-109\test_e2e_managed_workers_reuse0\test-data\slides\module_000_test_1\topic_100_some_topic_from_test_1\slides_some_topic_from_test_1.py [correlation_id: 2479eeac-e332-4008-9dd1-45222d7df3d1]
INFO:clx.core.operations.process_notebook:Processing notebook 'slides_some_topic_from_test_1.py' to 'C:\Users\tc\AppData\Local\Temp\pytest-of-tc\pytest-109\test_e2e_managed_workers_reuse0\output\speaker\En\My Course\Slides\Html\Speaker\Week 1\01 Some Topic from Test 1.html'
INFO:clx.infrastructure.database.job_queue:Job #15 submitted: notebook for C:\Users\tc\AppData\Local\Temp\pytest-of-tc\pytest-109\test_e2e_managed_workers_reuse0\test-data\slides\module_000_test_1\topic_100_some_topic_from_test_1\slides_some_topic_from_test_1.py [correlation_id: 54affaa8-c2e4-4e24-9451-bd00deedb17e]
INFO:clx.core.operations.process_notebook:Processing notebook 'slides_some_topic_from_test_1.py' to 'C:\Users\tc\AppData\Local\Temp\pytest-of-tc\pytest-109\test_e2e_managed_workers_reuse0\output\speaker\En\My Course\Slides\Notebooks\Speaker\Week 1\01 Some Topic from Test 1.ipynb'
INFO:clx.infrastructure.database.job_queue:Job #16 submitted: notebook for C:\Users\tc\AppData\Local\Temp\pytest-of-tc\pytest-109\test_e2e_managed_workers_reuse0\test-data\slides\module_000_test_1\topic_100_some_topic_from_test_1\slides_some_topic_from_test_1.py [correlation_id: 5602ef05-8103-482e-baca-9df4d70a8325]
INFO:clx.core.operations.process_notebook:Processing notebook 'slides_a_topic_from_test_2.py' to 'C:\Users\tc\AppData\Local\Temp\pytest-of-tc\pytest-109\test_e2e_managed_workers_reuse0\output\public\De\Mein Kurs\Folien\Html\Code-Along\Woche 1\02 Folien aus Test 2.html'
INFO:clx.infrastructure.database.job_queue:Job #17 submitted: notebook for C:\Users\tc\AppData\Local\Temp\pytest-of-tc\pytest-109\test_e2e_managed_workers_reuse0\test-data\slides\module_010_test_2\topic_100_a_topic_from_test_2\slides_a_topic_from_test_2.py [correlation_id: 65e76574-42b1-4294-a915-7ee95dc6e20c]
INFO:clx.core.operations.process_notebook:Processing notebook 'slides_a_topic_from_test_2.py' to 'C:\Users\tc\AppData\Local\Temp\pytest-of-tc\pytest-109\test_e2e_managed_workers_reuse0\output\public\De\Mein Kurs\Folien\Html\Completed\Woche 1\02 Folien aus Test 2.html'
INFO:clx.infrastructure.database.job_queue:Job #18 submitted: notebook for C:\Users\tc\AppData\Local\Temp\pytest-of-tc\pytest-109\test_e2e_managed_workers_reuse0\test-data\slides\module_010_test_2\topic_100_a_topic_from_test_2\slides_a_topic_from_test_2.py [correlation_id: bfcf84d6-0dc2-427b-9b70-2f0dd1d426d5]
INFO:clx.core.operations.process_notebook:Processing notebook 'slides_a_topic_from_test_2.py' to 'C:\Users\tc\AppData\Local\Temp\pytest-of-tc\pytest-109\test_e2e_managed_workers_reuse0\output\public\De\Mein Kurs\Folien\Notebooks\Code-Along\Woche 1\02 Folien aus Test 2.ipynb'
INFO:clx.infrastructure.database.job_queue:Job #19 submitted: notebook for C:\Users\tc\AppData\Local\Temp\pytest-of-tc\pytest-109\test_e2e_managed_workers_reuse0\test-data\slides\module_010_test_2\topic_100_a_topic_from_test_2\slides_a_topic_from_test_2.py [correlation_id: c9ca09f7-8c91-4f38-a51e-3b48658eb0bc]
INFO:clx.core.operations.process_notebook:Processing notebook 'slides_a_topic_from_test_2.py' to 'C:\Users\tc\AppData\Local\Temp\pytest-of-tc\pytest-109\test_e2e_managed_workers_reuse0\output\public\De\Mein Kurs\Folien\Notebooks\Completed\Woche 1\02 Folien aus Test 2.ipynb'
INFO:clx.infrastructure.database.job_queue:Job #20 submitted: notebook for C:\Users\tc\AppData\Local\Temp\pytest-of-tc\pytest-109\test_e2e_managed_workers_reuse0\test-data\slides\module_010_test_2\topic_100_a_topic_from_test_2\slides_a_topic_from_test_2.py [correlation_id: 67d74a8d-c635-41b8-a817-9be542019623]
INFO:clx.core.operations.process_notebook:Processing notebook 'slides_a_topic_from_test_2.py' to 'C:\Users\tc\AppData\Local\Temp\pytest-of-tc\pytest-109\test_e2e_managed_workers_reuse0\output\public\En\My Course\Slides\Html\Code-Along\Week 1\02 A Topic from Test 2.html'
INFO:clx.infrastructure.database.job_queue:Job #21 submitted: notebook for C:\Users\tc\AppData\Local\Temp\pytest-of-tc\pytest-109\test_e2e_managed_workers_reuse0\test-data\slides\module_010_test_2\topic_100_a_topic_from_test_2\slides_a_topic_from_test_2.py [correlation_id: eb2f1914-257a-47b2-b2b5-6d4abccb3899]
INFO:clx.core.operations.process_notebook:Processing notebook 'slides_a_topic_from_test_2.py' to 'C:\Users\tc\AppData\Local\Temp\pytest-of-tc\pytest-109\test_e2e_managed_workers_reuse0\output\public\En\My Course\Slides\Html\Completed\Week 1\02 A Topic from Test 2.html'
INFO:clx.infrastructure.database.job_queue:Job #22 submitted: notebook for C:\Users\tc\AppData\Local\Temp\pytest-of-tc\pytest-109\test_e2e_managed_workers_reuse0\test-data\slides\module_010_test_2\topic_100_a_topic_from_test_2\slides_a_topic_from_test_2.py [correlation_id: f4eae007-9439-4abf-ab77-efb02ff081be]
INFO:clx.core.operations.process_notebook:Processing notebook 'slides_a_topic_from_test_2.py' to 'C:\Users\tc\AppData\Local\Temp\pytest-of-tc\pytest-109\test_e2e_managed_workers_reuse0\output\public\En\My Course\Slides\Notebooks\Code-Along\Week 1\02 A Topic from Test 2.ipynb'
INFO:clx.infrastructure.database.job_queue:Job #23 submitted: notebook for C:\Users\tc\AppData\Local\Temp\pytest-of-tc\pytest-109\test_e2e_managed_workers_reuse0\test-data\slides\module_010_test_2\topic_100_a_topic_from_test_2\slides_a_topic_from_test_2.py [correlation_id: b042c6bb-cf03-452d-99b8-e373a4ebedc3]
INFO:clx.core.operations.process_notebook:Processing notebook 'slides_a_topic_from_test_2.py' to 'C:\Users\tc\AppData\Local\Temp\pytest-of-tc\pytest-109\test_e2e_managed_workers_reuse0\output\public\En\My Course\Slides\Notebooks\Completed\Week 1\02 A Topic from Test 2.ipynb'
INFO:clx.infrastructure.database.job_queue:Job #24 submitted: notebook for C:\Users\tc\AppData\Local\Temp\pytest-of-tc\pytest-109\test_e2e_managed_workers_reuse0\test-data\slides\module_010_test_2\topic_100_a_topic_from_test_2\slides_a_topic_from_test_2.py [correlation_id: a95cbca8-f8d0-41b3-8974-cc58d02a5c31]
INFO:clx.core.operations.process_notebook:Processing notebook 'slides_a_topic_from_test_2.py' to 'C:\Users\tc\AppData\Local\Temp\pytest-of-tc\pytest-109\test_e2e_managed_workers_reuse0\output\public\De\Mein Kurs\Folien\Python\Completed\Woche 1\02 Folien aus Test 2.py'
INFO:clx.infrastructure.database.job_queue:Job #25 submitted: notebook for C:\Users\tc\AppData\Local\Temp\pytest-of-tc\pytest-109\test_e2e_managed_workers_reuse0\test-data\slides\module_010_test_2\topic_100_a_topic_from_test_2\slides_a_topic_from_test_2.py [correlation_id: dac3034e-b3c2-490c-a0c0-ebce4148f2fa]
INFO:clx.core.operations.process_notebook:Processing notebook 'slides_a_topic_from_test_2.py' to 'C:\Users\tc\AppData\Local\Temp\pytest-of-tc\pytest-109\test_e2e_managed_workers_reuse0\output\public\En\My Course\Slides\Python\Completed\Week 1\02 A Topic from Test 2.py'
INFO:clx.infrastructure.database.job_queue:Job #26 submitted: notebook for C:\Users\tc\AppData\Local\Temp\pytest-of-tc\pytest-109\test_e2e_managed_workers_reuse0\test-data\slides\module_010_test_2\topic_100_a_topic_from_test_2\slides_a_topic_from_test_2.py [correlation_id: 52b6617e-30ec-454c-976f-707889ee37a0]
INFO:clx.core.operations.process_notebook:Processing notebook 'slides_a_topic_from_test_2.py' to 'C:\Users\tc\AppData\Local\Temp\pytest-of-tc\pytest-109\test_e2e_managed_workers_reuse0\output\speaker\De\Mein Kurs\Folien\Html\Speaker\Woche 1\02 Folien aus Test 2.html'
INFO:clx.infrastructure.database.job_queue:Job #27 submitted: notebook for C:\Users\tc\AppData\Local\Temp\pytest-of-tc\pytest-109\test_e2e_managed_workers_reuse0\test-data\slides\module_010_test_2\topic_100_a_topic_from_test_2\slides_a_topic_from_test_2.py [correlation_id: bcab33d6-0d27-4bd0-9e92-96c6f3073981]
INFO:clx.core.operations.process_notebook:Processing notebook 'slides_a_topic_from_test_2.py' to 'C:\Users\tc\AppData\Local\Temp\pytest-of-tc\pytest-109\test_e2e_managed_workers_reuse0\output\speaker\De\Mein Kurs\Folien\Notebooks\Speaker\Woche 1\02 Folien aus Test 2.ipynb'
INFO:clx.infrastructure.database.job_queue:Job #28 submitted: notebook for C:\Users\tc\AppData\Local\Temp\pytest-of-tc\pytest-109\test_e2e_managed_workers_reuse0\test-data\slides\module_010_test_2\topic_100_a_topic_from_test_2\slides_a_topic_from_test_2.py [correlation_id: 20b86ab0-772b-4c82-a2a8-c1f3e1f1ad90]
INFO:clx.core.operations.process_notebook:Processing notebook 'slides_a_topic_from_test_2.py' to 'C:\Users\tc\AppData\Local\Temp\pytest-of-tc\pytest-109\test_e2e_managed_workers_reuse0\output\speaker\En\My Course\Slides\Html\Speaker\Week 1\02 A Topic from Test 2.html'
INFO:clx.infrastructure.database.job_queue:Job #29 submitted: notebook for C:\Users\tc\AppData\Local\Temp\pytest-of-tc\pytest-109\test_e2e_managed_workers_reuse0\test-data\slides\module_010_test_2\topic_100_a_topic_from_test_2\slides_a_topic_from_test_2.py [correlation_id: dd0db84d-e2d4-4f06-9c5d-4304b05e966e]
INFO:clx.core.operations.process_notebook:Processing notebook 'slides_a_topic_from_test_2.py' to 'C:\Users\tc\AppData\Local\Temp\pytest-of-tc\pytest-109\test_e2e_managed_workers_reuse0\output\speaker\En\My Course\Slides\Notebooks\Speaker\Week 1\02 A Topic from Test 2.ipynb'
INFO:clx.infrastructure.database.job_queue:Job #30 submitted: notebook for C:\Users\tc\AppData\Local\Temp\pytest-of-tc\pytest-109\test_e2e_managed_workers_reuse0\test-data\slides\module_010_test_2\topic_100_a_topic_from_test_2\slides_a_topic_from_test_2.py [correlation_id: 70891921-d718-41b2-a1a2-37280da50957]
INFO:clx.core.operations.process_notebook:Processing notebook 'topic_110_another_topic_from_test_1.py' to 'C:\Users\tc\AppData\Local\Temp\pytest-of-tc\pytest-109\test_e2e_managed_workers_reuse0\output\public\De\Mein Kurs\Folien\Html\Code-Along\Woche 2\01 Mehr Folien von Test 1.html'
INFO:clx.infrastructure.database.job_queue:Job #31 submitted: notebook for C:\Users\tc\AppData\Local\Temp\pytest-of-tc\pytest-109\test_e2e_managed_workers_reuse0\test-data\slides\module_000_test_1\topic_110_another_topic_from_test_1.py [correlation_id: e598805f-e018-4a31-8879-8ce56f96c3e8]
INFO:clx.core.operations.process_notebook:Processing notebook 'topic_110_another_topic_from_test_1.py' to 'C:\Users\tc\AppData\Local\Temp\pytest-of-tc\pytest-109\test_e2e_managed_workers_reuse0\output\public\De\Mein Kurs\Folien\Html\Completed\Woche 2\01 Mehr Folien von Test 1.html'
INFO:clx.infrastructure.database.job_queue:Job #32 submitted: notebook for C:\Users\tc\AppData\Local\Temp\pytest-of-tc\pytest-109\test_e2e_managed_workers_reuse0\test-data\slides\module_000_test_1\topic_110_another_topic_from_test_1.py [correlation_id: 3f0f5a1b-dd6b-4719-be5e-df56f0b4df28]
INFO:clx.core.operations.process_notebook:Processing notebook 'topic_110_another_topic_from_test_1.py' to 'C:\Users\tc\AppData\Local\Temp\pytest-of-tc\pytest-109\test_e2e_managed_workers_reuse0\output\public\De\Mein Kurs\Folien\Notebooks\Code-Along\Woche 2\01 Mehr Folien von Test 1.ipynb'
INFO:clx.infrastructure.database.job_queue:Job #33 submitted: notebook for C:\Users\tc\AppData\Local\Temp\pytest-of-tc\pytest-109\test_e2e_managed_workers_reuse0\test-data\slides\module_000_test_1\topic_110_another_topic_from_test_1.py [correlation_id: cf8cef09-a395-49e0-979f-e14b87a23f15]
INFO:clx.core.operations.process_notebook:Processing notebook 'topic_110_another_topic_from_test_1.py' to 'C:\Users\tc\AppData\Local\Temp\pytest-of-tc\pytest-109\test_e2e_managed_workers_reuse0\output\public\De\Mein Kurs\Folien\Notebooks\Completed\Woche 2\01 Mehr Folien von Test 1.ipynb'
INFO:clx.infrastructure.database.job_queue:Job #34 submitted: notebook for C:\Users\tc\AppData\Local\Temp\pytest-of-tc\pytest-109\test_e2e_managed_workers_reuse0\test-data\slides\module_000_test_1\topic_110_another_topic_from_test_1.py [correlation_id: e46de33e-ecb5-472c-a84e-5a114830d193]
INFO:clx.core.operations.process_notebook:Processing notebook 'topic_110_another_topic_from_test_1.py' to 'C:\Users\tc\AppData\Local\Temp\pytest-of-tc\pytest-109\test_e2e_managed_workers_reuse0\output\public\En\My Course\Slides\Html\Code-Along\Week 2\01 Another Topic from Test 1.html'
INFO:clx.infrastructure.database.job_queue:Job #35 submitted: notebook for C:\Users\tc\AppData\Local\Temp\pytest-of-tc\pytest-109\test_e2e_managed_workers_reuse0\test-data\slides\module_000_test_1\topic_110_another_topic_from_test_1.py [correlation_id: 2d9a2ccb-2629-4f6e-8a2c-61ba060d46f7]
INFO:clx.core.operations.process_notebook:Processing notebook 'topic_110_another_topic_from_test_1.py' to 'C:\Users\tc\AppData\Local\Temp\pytest-of-tc\pytest-109\test_e2e_managed_workers_reuse0\output\public\En\My Course\Slides\Html\Completed\Week 2\01 Another Topic from Test 1.html'
INFO:clx.infrastructure.database.job_queue:Job #36 submitted: notebook for C:\Users\tc\AppData\Local\Temp\pytest-of-tc\pytest-109\test_e2e_managed_workers_reuse0\test-data\slides\module_000_test_1\topic_110_another_topic_from_test_1.py [correlation_id: 4113a8bb-a1d7-487d-a770-75ef8a4bc034]
INFO:clx.core.operations.process_notebook:Processing notebook 'topic_110_another_topic_from_test_1.py' to 'C:\Users\tc\AppData\Local\Temp\pytest-of-tc\pytest-109\test_e2e_managed_workers_reuse0\output\public\En\My Course\Slides\Notebooks\Code-Along\Week 2\01 Another Topic from Test 1.ipynb'
INFO:clx.infrastructure.database.job_queue:Job #37 submitted: notebook for C:\Users\tc\AppData\Local\Temp\pytest-of-tc\pytest-109\test_e2e_managed_workers_reuse0\test-data\slides\module_000_test_1\topic_110_another_topic_from_test_1.py [correlation_id: 40e62c3d-f704-4f97-a817-7ba83ae758e9]
INFO:clx.core.operations.process_notebook:Processing notebook 'topic_110_another_topic_from_test_1.py' to 'C:\Users\tc\AppData\Local\Temp\pytest-of-tc\pytest-109\test_e2e_managed_workers_reuse0\output\public\En\My Course\Slides\Notebooks\Completed\Week 2\01 Another Topic from Test 1.ipynb'
INFO:clx.infrastructure.database.job_queue:Job #38 submitted: notebook for C:\Users\tc\AppData\Local\Temp\pytest-of-tc\pytest-109\test_e2e_managed_workers_reuse0\test-data\slides\module_000_test_1\topic_110_another_topic_from_test_1.py [correlation_id: 140be450-651c-4661-8272-ff81eadfb9dd]
INFO:clx.core.operations.process_notebook:Processing notebook 'topic_110_another_topic_from_test_1.py' to 'C:\Users\tc\AppData\Local\Temp\pytest-of-tc\pytest-109\test_e2e_managed_workers_reuse0\output\public\De\Mein Kurs\Folien\Python\Completed\Woche 2\01 Mehr Folien von Test 1.py'
INFO:clx.infrastructure.database.job_queue:Job #39 submitted: notebook for C:\Users\tc\AppData\Local\Temp\pytest-of-tc\pytest-109\test_e2e_managed_workers_reuse0\test-data\slides\module_000_test_1\topic_110_another_topic_from_test_1.py [correlation_id: a1447a3d-c06b-4cd7-a153-0a0bd5e3363e]
INFO:clx.core.operations.process_notebook:Processing notebook 'topic_110_another_topic_from_test_1.py' to 'C:\Users\tc\AppData\Local\Temp\pytest-of-tc\pytest-109\test_e2e_managed_workers_reuse0\output\public\En\My Course\Slides\Python\Completed\Week 2\01 Another Topic from Test 1.py'
INFO:clx.infrastructure.database.job_queue:Job #40 submitted: notebook for C:\Users\tc\AppData\Local\Temp\pytest-of-tc\pytest-109\test_e2e_managed_workers_reuse0\test-data\slides\module_000_test_1\topic_110_another_topic_from_test_1.py [correlation_id: c453780e-5e7f-4263-ac2d-96887a05ca1d]
INFO:clx.core.operations.process_notebook:Processing notebook 'topic_110_another_topic_from_test_1.py' to 'C:\Users\tc\AppData\Local\Temp\pytest-of-tc\pytest-109\test_e2e_managed_workers_reuse0\output\speaker\De\Mein Kurs\Folien\Html\Speaker\Woche 2\01 Mehr Folien von Test 1.html'
INFO:clx.infrastructure.database.job_queue:Job #41 submitted: notebook for C:\Users\tc\AppData\Local\Temp\pytest-of-tc\pytest-109\test_e2e_managed_workers_reuse0\test-data\slides\module_000_test_1\topic_110_another_topic_from_test_1.py [correlation_id: f1a3149b-e35f-41d4-95a2-fb610df3ced3]
INFO:clx.core.operations.process_notebook:Processing notebook 'topic_110_another_topic_from_test_1.py' to 'C:\Users\tc\AppData\Local\Temp\pytest-of-tc\pytest-109\test_e2e_managed_workers_reuse0\output\speaker\De\Mein Kurs\Folien\Notebooks\Speaker\Woche 2\01 Mehr Folien von Test 1.ipynb'
INFO:clx.infrastructure.database.job_queue:Job #42 submitted: notebook for C:\Users\tc\AppData\Local\Temp\pytest-of-tc\pytest-109\test_e2e_managed_workers_reuse0\test-data\slides\module_000_test_1\topic_110_another_topic_from_test_1.py [correlation_id: 5df93aef-014a-4285-a015-cddd96bb2082]
INFO:clx.core.operations.process_notebook:Processing notebook 'topic_110_another_topic_from_test_1.py' to 'C:\Users\tc\AppData\Local\Temp\pytest-of-tc\pytest-109\test_e2e_managed_workers_reuse0\output\speaker\En\My Course\Slides\Html\Speaker\Week 2\01 Another Topic from Test 1.html'
INFO:clx.infrastructure.database.job_queue:Job #43 submitted: notebook for C:\Users\tc\AppData\Local\Temp\pytest-of-tc\pytest-109\test_e2e_managed_workers_reuse0\test-data\slides\module_000_test_1\topic_110_another_topic_from_test_1.py [correlation_id: 09cb9d3d-b9a7-4703-8845-d8d1c9292962]
INFO:clx.core.operations.process_notebook:Processing notebook 'topic_110_another_topic_from_test_1.py' to 'C:\Users\tc\AppData\Local\Temp\pytest-of-tc\pytest-109\test_e2e_managed_workers_reuse0\output\speaker\En\My Course\Slides\Notebooks\Speaker\Week 2\01 Another Topic from Test 1.ipynb'
INFO:clx.infrastructure.database.job_queue:Job #44 submitted: notebook for C:\Users\tc\AppData\Local\Temp\pytest-of-tc\pytest-109\test_e2e_managed_workers_reuse0\test-data\slides\module_000_test_1\topic_110_another_topic_from_test_1.py [correlation_id: fdc4c3e2-7b4d-438d-9e8c-0529b7261769]
INFO:clx.infrastructure.backends.sqlite_backend:Waiting for 44 job(s) to complete...
INFO:clx.infrastructure.backends.sqlite_backend:Job 3 completed: C:\Users\tc\AppData\Local\Temp\pytest-of-tc\pytest-109\test_e2e_managed_workers_reuse0\test-data\slides\module_000_test_1\topic_100_some_topic_from_test_1\slides_some_topic_from_test_1.py -> C:\Users\tc\AppData\Local\Temp\pytest-of-tc\pytest-109\test_e2e_managed_workers_reuse0\output\public\De\Mein Kurs\Folien\Html\Code-Along\Woche 1\01 Folien von Test 1.html
INFO:clx.infrastructure.workers.progress_tracker:Job #3 completed [worker: None, file: C:\Users\tc\AppData\Local\Temp\pytest-of-tc\pytest-109\test_e2e_managed_workers_reuse0\test-data\slides\module_000_test_1\topic_100_some_topic_from_test_1\slides_some_topic_from_test_1.py]
INFO:clx.infrastructure.backends.sqlite_backend:Job 5 completed: C:\Users\tc\AppData\Local\Temp\pytest-of-tc\pytest-109\test_e2e_managed_workers_reuse0\test-data\slides\module_000_test_1\topic_100_some_topic_from_test_1\slides_some_topic_from_test_1.py -> C:\Users\tc\AppData\Local\Temp\pytest-of-tc\pytest-109\test_e2e_managed_workers_reuse0\output\public\De\Mein Kurs\Folien\Notebooks\Code-Along\Woche 1\01 Folien von Test 1.ipynb
INFO:clx.infrastructure.workers.progress_tracker:Job #5 completed [worker: None, file: C:\Users\tc\AppData\Local\Temp\pytest-of-tc\pytest-109\test_e2e_managed_workers_reuse0\test-data\slides\module_000_test_1\topic_100_some_topic_from_test_1\slides_some_topic_from_test_1.py]
INFO:clx.infrastructure.backends.sqlite_backend:Job 6 completed: C:\Users\tc\AppData\Local\Temp\pytest-of-tc\pytest-109\test_e2e_managed_workers_reuse0\test-data\slides\module_000_test_1\topic_100_some_topic_from_test_1\slides_some_topic_from_test_1.py -> C:\Users\tc\AppData\Local\Temp\pytest-of-tc\pytest-109\test_e2e_managed_workers_reuse0\output\public\De\Mein Kurs\Folien\Notebooks\Completed\Woche 1\01 Folien von Test 1.ipynb
INFO:clx.infrastructure.workers.progress_tracker:Job #6 completed [worker: None, file: C:\Users\tc\AppData\Local\Temp\pytest-of-tc\pytest-109\test_e2e_managed_workers_reuse0\test-data\slides\module_000_test_1\topic_100_some_topic_from_test_1\slides_some_topic_from_test_1.py]
INFO:clx.infrastructure.backends.sqlite_backend:Job 7 completed: C:\Users\tc\AppData\Local\Temp\pytest-of-tc\pytest-109\test_e2e_managed_workers_reuse0\test-data\slides\module_000_test_1\topic_100_some_topic_from_test_1\slides_some_topic_from_test_1.py -> C:\Users\tc\AppData\Local\Temp\pytest-of-tc\pytest-109\test_e2e_managed_workers_reuse0\output\public\En\My Course\Slides\Html\Code-Along\Week 1\01 Some Topic from Test 1.html
INFO:clx.infrastructure.workers.progress_tracker:Job #7 completed [worker: None, file: C:\Users\tc\AppData\Local\Temp\pytest-of-tc\pytest-109\test_e2e_managed_workers_reuse0\test-data\slides\module_000_test_1\topic_100_some_topic_from_test_1\slides_some_topic_from_test_1.py]
Assertion failed: Connection reset by peer [10054] (C:\Users\runneradmin\AppData\Local\Temp\tmpm74nglni\build\_deps\bundled_libzmq-src\src\signaler.cpp:345)
INFO:clx.infrastructure.backends.sqlite_backend:Job 2 completed: C:\Users\tc\AppData\Local\Temp\pytest-of-tc\pytest-109\test_e2e_managed_workers_reuse0\test-data\slides\module_000_test_1\topic_100_some_topic_from_test_1\pu\my_diag.pu -> C:\Users\tc\AppData\Local\Temp\pytest-of-tc\pytest-109\test_e2e_managed_workers_reuse0\test-data\slides\module_000_test_1\topic_100_some_topic_from_test_1\img\my_diag.png
INFO:clx.infrastructure.workers.progress_tracker:Job #2 completed [worker: None, file: C:\Users\tc\AppData\Local\Temp\pytest-of-tc\pytest-109\test_e2e_managed_workers_reuse0\test-data\slides\module_000_test_1\topic_100_some_topic_from_test_1\pu\my_diag.pu]
INFO:clx.infrastructure.backends.sqlite_backend:Job 1 completed: C:\Users\tc\AppData\Local\Temp\pytest-of-tc\pytest-109\test_e2e_managed_workers_reuse0\test-data\slides\module_000_test_1\topic_100_some_topic_from_test_1\drawio\my_drawing.drawio -> C:\Users\tc\AppData\Local\Temp\pytest-of-tc\pytest-109\test_e2e_managed_workers_reuse0\test-data\slides\module_000_test_1\topic_100_some_topic_from_test_1\img\my_drawing.png
INFO:clx.infrastructure.workers.progress_tracker:Job #1 completed [worker: None, file: C:\Users\tc\AppData\Local\Temp\pytest-of-tc\pytest-109\test_e2e_managed_workers_reuse0\test-data\slides\module_000_test_1\topic_100_some_topic_from_test_1\drawio\my_drawing.drawio]
INFO:clx.infrastructure.workers.progress_tracker:Progress: 6/44 jobs completed | 38 active | 0 failed (13%)
INFO:clx.infrastructure.workers.progress_tracker:Progress: 6/44 jobs completed | 38 active | 0 failed (13%)
INFO:clx.infrastructure.backends.sqlite_backend:Job 4 completed: C:\Users\tc\AppData\Local\Temp\pytest-of-tc\pytest-109\test_e2e_managed_workers_reuse0\test-data\slides\module_000_test_1\topic_100_some_topic_from_test_1\slides_some_topic_from_test_1.py -> C:\Users\tc\AppData\Local\Temp\pytest-of-tc\pytest-109\test_e2e_managed_workers_reuse0\output\public\De\Mein Kurs\Folien\Html\Completed\Woche 1\01 Folien von Test 1.html
INFO:clx.infrastructure.workers.progress_tracker:Job #4 completed [worker: None, file: C:\Users\tc\AppData\Local\Temp\pytest-of-tc\pytest-109\test_e2e_managed_workers_reuse0\test-data\slides\module_000_test_1\topic_100_some_topic_from_test_1\slides_some_topic_from_test_1.py]
INFO:clx.infrastructure.backends.sqlite_backend:Job 9 completed: C:\Users\tc\AppData\Local\Temp\pytest-of-tc\pytest-109\test_e2e_managed_workers_reuse0\test-data\slides\module_000_test_1\topic_100_some_topic_from_test_1\slides_some_topic_from_test_1.py -> C:\Users\tc\AppData\Local\Temp\pytest-of-tc\pytest-109\test_e2e_managed_workers_reuse0\output\public\En\My Course\Slides\Notebooks\Code-Along\Week 1\01 Some Topic from Test 1.ipynb
INFO:clx.infrastructure.workers.progress_tracker:Job #9 completed [worker: None, file: C:\Users\tc\AppData\Local\Temp\pytest-of-tc\pytest-109\test_e2e_managed_workers_reuse0\test-data\slides\module_000_test_1\topic_100_some_topic_from_test_1\slides_some_topic_from_test_1.py]
INFO:clx.infrastructure.backends.sqlite_backend:Job 10 completed: C:\Users\tc\AppData\Local\Temp\pytest-of-tc\pytest-109\test_e2e_managed_workers_reuse0\test-data\slides\module_000_test_1\topic_100_some_topic_from_test_1\slides_some_topic_from_test_1.py -> C:\Users\tc\AppData\Local\Temp\pytest-of-tc\pytest-109\test_e2e_managed_workers_reuse0\output\public\En\My Course\Slides\Notebooks\Completed\Week 1\01 Some Topic from Test 1.ipynb
INFO:clx.infrastructure.workers.progress_tracker:Job #10 completed [worker: None, file: C:\Users\tc\AppData\Local\Temp\pytest-of-tc\pytest-109\test_e2e_managed_workers_reuse0\test-data\slides\module_000_test_1\topic_100_some_topic_from_test_1\slides_some_topic_from_test_1.py]
INFO:clx.infrastructure.backends.sqlite_backend:Job 11 completed: C:\Users\tc\AppData\Local\Temp\pytest-of-tc\pytest-109\test_e2e_managed_workers_reuse0\test-data\slides\module_000_test_1\topic_100_some_topic_from_test_1\slides_some_topic_from_test_1.py -> C:\Users\tc\AppData\Local\Temp\pytest-of-tc\pytest-109\test_e2e_managed_workers_reuse0\output\public\De\Mein Kurs\Folien\Python\Completed\Woche 1\01 Folien von Test 1.py
INFO:clx.infrastructure.workers.progress_tracker:Job #11 completed [worker: None, file: C:\Users\tc\AppData\Local\Temp\pytest-of-tc\pytest-109\test_e2e_managed_workers_reuse0\test-data\slides\module_000_test_1\topic_100_some_topic_from_test_1\slides_some_topic_from_test_1.py]
[...]
INFO:clx.infrastructure.workers.config_loader:Config override: default_execution_mode = direct
INFO:clx.infrastructure.workers.config_loader:Config override: notebook.count = 1
INFO:clx.infrastructure.workers.config_loader:Config override: plantuml.count = 0
INFO:clx.infrastructure.workers.config_loader:Config override: drawio.count = 0
INFO:clx.infrastructure.workers.lifecycle_manager:Starting persistent workers...
INFO:clx.infrastructure.workers.event_logger:[pool_starting] Starting worker pool with 1 worker(s)
INFO:clx.infrastructure.workers.pool_manager:Starting worker pools with 3 configurations
INFO:clx.infrastructure.workers.pool_manager:Cleaning up stale worker records from database
INFO:clx.infrastructure.workers.pool_manager:No existing worker records found
INFO:clx.infrastructure.workers.pool_manager:Starting 1 notebook workers (mode: direct)
INFO:clx.infrastructure.workers.worker_executor:Starting direct worker: direct-notebook-0-4b7af630
INFO:clx.infrastructure.workers.worker_executor:Started direct worker: direct-notebook-0-4b7af630 (PID: 45008)
INFO:clx.infrastructure.workers.pool_manager:Worker 1 registered: notebook-0 (executor_id: direct-noteb)
INFO:clx.infrastructure.workers.pool_manager:Starting 0 plantuml workers (mode: direct)
INFO:clx.infrastructure.workers.pool_manager:Starting 0 drawio workers (mode: direct)
INFO:clx.infrastructure.workers.pool_manager:Started 1 workers total
INFO:clx.infrastructure.workers.event_logger:[pool_started] Worker pool started with 1 worker(s) in 1.5s
INFO:clx.infrastructure.workers.lifecycle_manager:Started 1 persistent worker(s)
INFO:clx.infrastructure.workers.state_manager:Saved worker state to C:\Users\tc\AppData\Local\Temp\tmpcszeav8z\worker-state.json
INFO:clx.infrastructure.workers.progress_tracker:Progress: 0/1 jobs completed | 1 active | 0 failed (0%)
INFO:clx.infrastructure.workers.progress_tracker:Progress: 0/1 jobs completed | 1 active | 0 failed (0%)
INFO:clx.infrastructure.workers.lifecycle_manager:Stopping 1 persistent worker(s)...
INFO:clx.infrastructure.workers.pool_manager:Stopping worker pools
INFO:clx.infrastructure.workers.pool_manager:Stopping 1 notebook workers
INFO:clx.infrastructure.workers.worker_executor:Stopping worker direct-notebook-0-4b7af630 (PID: 45008)
INFO:clx.infrastructure.workers.worker_executor:Worker direct-notebook-0-4b7af630 stopped gracefully
INFO:clx.infrastructure.workers.pool_manager:Stopping 0 plantuml workers
INFO:clx.infrastructure.workers.pool_manager:Stopping 0 drawio workers
INFO:clx.infrastructure.workers.worker_executor:Cleaning up 0 direct workers
INFO:clx.infrastructure.workers.pool_manager:Stopped 1 workers
INFO:clx.infrastructure.workers.state_manager:Cleared worker state: C:\Users\tc\AppData\Local\Temp\tmpcszeav8z\worker-state.json
------------------------------ Captured log call ------------------------------
INFO     clx.infrastructure.workers.config_loader:config_loader.py:62 Config override: default_execution_mode = direct
INFO     clx.infrastructure.workers.config_loader:config_loader.py:110 Config override: notebook.count = 1
INFO     clx.infrastructure.workers.config_loader:config_loader.py:110 Config override: plantuml.count = 0
INFO     clx.infrastructure.workers.config_loader:config_loader.py:110 Config override: drawio.count = 0
INFO     clx.infrastructure.workers.lifecycle_manager:lifecycle_manager.py:179 Starting persistent workers...
INFO     clx.infrastructure.workers.event_logger:event_logger.py:117 [pool_starting] Starting worker pool with 1 worker(s)
INFO     clx.infrastructure.workers.pool_manager:pool_manager.py:229 Starting worker pools with 3 configurations
INFO     clx.infrastructure.workers.pool_manager:pool_manager.py:114 Cleaning up stale worker records from database
INFO     clx.infrastructure.workers.pool_manager:pool_manager.py:121 No existing worker records found
INFO     clx.infrastructure.workers.pool_manager:pool_manager.py:244 Starting 1 notebook workers (mode: direct)
INFO     clx.infrastructure.workers.worker_executor:worker_executor.py:373 Starting direct worker: direct-notebook-0-4b7af630
INFO     clx.infrastructure.workers.worker_executor:worker_executor.py:396 Started direct worker: direct-notebook-0-4b7af630 (PID: 45008)
INFO     clx.infrastructure.workers.pool_manager:pool_manager.py:340 Worker 1 registered: notebook-0 (executor_id: direct-noteb)
INFO     clx.infrastructure.workers.pool_manager:pool_manager.py:244 Starting 0 plantuml workers (mode: direct)
INFO     clx.infrastructure.workers.pool_manager:pool_manager.py:244 Starting 0 drawio workers (mode: direct)
INFO     clx.infrastructure.workers.pool_manager:pool_manager.py:254 Started 1 workers total
INFO     clx.infrastructure.workers.event_logger:event_logger.py:117 [pool_started] Worker pool started with 1 worker(s) in 1.5s
INFO     clx.infrastructure.workers.lifecycle_manager:lifecycle_manager.py:208 Started 1 persistent worker(s)
INFO     clx.infrastructure.workers.state_manager:state_manager.py:91 Saved worker state to C:\Users\tc\AppData\Local\Temp\tmpcszeav8z\worker-state.json
INFO     clx.infrastructure.workers.progress_tracker:progress_tracker.py:280 Progress: 0/1 jobs completed | 1 active | 0 failed (0%)
INFO     clx.infrastructure.workers.progress_tracker:progress_tracker.py:280 Progress: 0/1 jobs completed | 1 active | 0 failed (0%)
INFO     clx.infrastructure.workers.lifecycle_manager:lifecycle_manager.py:251 Stopping 1 persistent worker(s)...
INFO     clx.infrastructure.workers.pool_manager:pool_manager.py:571 Stopping worker pools
INFO     clx.infrastructure.workers.pool_manager:pool_manager.py:581 Stopping 1 notebook workers
INFO     clx.infrastructure.workers.worker_executor:worker_executor.py:423 Stopping worker direct-notebook-0-4b7af630 (PID: 45008)
INFO     clx.infrastructure.workers.worker_executor:worker_executor.py:435 Worker direct-notebook-0-4b7af630 stopped gracefully
INFO     clx.infrastructure.workers.pool_manager:pool_manager.py:581 Stopping 0 plantuml workers
INFO     clx.infrastructure.workers.pool_manager:pool_manager.py:581 Stopping 0 drawio workers
INFO     clx.infrastructure.workers.worker_executor:worker_executor.py:498 Cleaning up 0 direct workers
INFO     clx.infrastructure.workers.pool_manager:pool_manager.py:610 Stopped 1 workers
INFO     clx.infrastructure.workers.state_manager:state_manager.py:126 Cleared worker state: C:\Users\tc\AppData\Local\Temp\tmpcszeav8z\worker-state.json
C:\Users\tc\Programming\Python\Projects\clx-claude\tests\infrastructure\workers\test_lifecycle_integration.py:360: AssertionError: assert False
E   AssertionError: assert False
     +  where False = DiscoveredWorker(db_id=1, worker_type='notebook', executor_id='direct-notebook-0-cc4f04fd', status='idle', last_heartbeat=datetime.datetime(2025, 11, 16, 5, 32, 47), jobs_processed=0, jobs_failed=0, started_at=datetime.datetime(2025, 11, 16, 5, 32, 45), is_docker=False, is_healthy=False).is_healthy
---------------------------- Captured stderr setup ----------------------------
INFO:root:Test logging configured for test_discover_healthy_workers: level=INFO
INFO:clx.infrastructure.workers.progress_tracker:Progress: 0/1 jobs completed | 1 active | 0 failed (0%)
----------------------------- Captured log setup ------------------------------
INFO     root:conftest.py:341 Test logging configured for test_discover_healthy_workers: level=INFO
INFO     clx.infrastructure.workers.progress_tracker:progress_tracker.py:280 Progress: 0/1 jobs completed | 1 active | 0 failed (0%)
---------------------------- Captured stderr call -----------------------------
INFO:clx.infrastructure.workers.config_loader:Config override: default_execution_mode = direct
INFO:clx.infrastructure.workers.config_loader:Config override: notebook.count = 1
INFO:clx.infrastructure.workers.config_loader:Config override: plantuml.count = 0
INFO:clx.infrastructure.workers.config_loader:Config override: drawio.count = 0
INFO:clx.infrastructure.workers.lifecycle_manager:Starting managed workers...
INFO:clx.infrastructure.workers.event_logger:[pool_starting] Starting worker pool with 1 worker(s)
INFO:clx.infrastructure.workers.pool_manager:Starting worker pools with 3 configurations
INFO:clx.infrastructure.workers.pool_manager:Cleaning up stale worker records from database
INFO:clx.infrastructure.workers.pool_manager:No existing worker records found
INFO:clx.infrastructure.workers.pool_manager:Starting 1 notebook workers (mode: direct)
INFO:clx.infrastructure.workers.worker_executor:Starting direct worker: direct-notebook-0-cc4f04fd
INFO:clx.infrastructure.workers.worker_executor:Started direct worker: direct-notebook-0-cc4f04fd (PID: 43628)
INFO:clx.infrastructure.workers.pool_manager:Worker 1 registered: notebook-0 (executor_id: direct-noteb)
INFO:clx.infrastructure.workers.pool_manager:Starting 0 plantuml workers (mode: direct)
INFO:clx.infrastructure.workers.pool_manager:Starting 0 drawio workers (mode: direct)
INFO:clx.infrastructure.workers.pool_manager:Started 1 workers total
INFO:clx.infrastructure.workers.event_logger:[pool_started] Worker pool started with 1 worker(s) in 1.0s
INFO:clx.infrastructure.workers.lifecycle_manager:Started 1 managed worker(s)
INFO:clx.infrastructure.workers.progress_tracker:Progress: 0/1 jobs completed | 1 active | 0 failed (0%)
INFO:clx.infrastructure.workers.event_logger:[pool_stopping] Stopping worker pool
INFO:clx.infrastructure.workers.lifecycle_manager:Stopping 1 worker(s)...
INFO:clx.infrastructure.workers.pool_manager:Stopping worker pools
INFO:clx.infrastructure.workers.pool_manager:Stopping 1 notebook workers
INFO:clx.infrastructure.workers.worker_executor:Stopping worker direct-notebook-0-cc4f04fd (PID: 43628)
INFO:clx.infrastructure.workers.worker_executor:Worker direct-notebook-0-cc4f04fd stopped gracefully
INFO:clx.infrastructure.workers.pool_manager:Stopping 0 plantuml workers
INFO:clx.infrastructure.workers.pool_manager:Stopping 0 drawio workers
INFO:clx.infrastructure.workers.worker_executor:Cleaning up 0 direct workers
INFO:clx.infrastructure.workers.pool_manager:Stopped 1 workers
INFO:clx.infrastructure.workers.event_logger:[pool_stopped] Worker pool stopped (1 worker(s) in 0.0s)
------------------------------ Captured log call ------------------------------
INFO     clx.infrastructure.workers.config_loader:config_loader.py:62 Config override: default_execution_mode = direct
INFO     clx.infrastructure.workers.config_loader:config_loader.py:110 Config override: notebook.count = 1
INFO     clx.infrastructure.workers.config_loader:config_loader.py:110 Config override: plantuml.count = 0
INFO     clx.infrastructure.workers.config_loader:config_loader.py:110 Config override: drawio.count = 0
INFO     clx.infrastructure.workers.lifecycle_manager:lifecycle_manager.py:131 Starting managed workers...
INFO     clx.infrastructure.workers.event_logger:event_logger.py:117 [pool_starting] Starting worker pool with 1 worker(s)
INFO     clx.infrastructure.workers.pool_manager:pool_manager.py:229 Starting worker pools with 3 configurations
INFO     clx.infrastructure.workers.pool_manager:pool_manager.py:114 Cleaning up stale worker records from database
INFO     clx.infrastructure.workers.pool_manager:pool_manager.py:121 No existing worker records found
INFO     clx.infrastructure.workers.pool_manager:pool_manager.py:244 Starting 1 notebook workers (mode: direct)
INFO     clx.infrastructure.workers.worker_executor:worker_executor.py:373 Starting direct worker: direct-notebook-0-cc4f04fd
INFO     clx.infrastructure.workers.worker_executor:worker_executor.py:396 Started direct worker: direct-notebook-0-cc4f04fd (PID: 43628)
INFO     clx.infrastructure.workers.pool_manager:pool_manager.py:340 Worker 1 registered: notebook-0 (executor_id: direct-noteb)
INFO     clx.infrastructure.workers.pool_manager:pool_manager.py:244 Starting 0 plantuml workers (mode: direct)
INFO     clx.infrastructure.workers.pool_manager:pool_manager.py:244 Starting 0 drawio workers (mode: direct)
INFO     clx.infrastructure.workers.pool_manager:pool_manager.py:254 Started 1 workers total
INFO     clx.infrastructure.workers.event_logger:event_logger.py:117 [pool_started] Worker pool started with 1 worker(s) in 1.0s
INFO     clx.infrastructure.workers.lifecycle_manager:lifecycle_manager.py:168 Started 1 managed worker(s)
INFO     clx.infrastructure.workers.progress_tracker:progress_tracker.py:280 Progress: 0/1 jobs completed | 1 active | 0 failed (0%)
INFO     clx.infrastructure.workers.event_logger:event_logger.py:117 [pool_stopping] Stopping worker pool
INFO     clx.infrastructure.workers.lifecycle_manager:lifecycle_manager.py:232 Stopping 1 worker(s)...
INFO     clx.infrastructure.workers.pool_manager:pool_manager.py:571 Stopping worker pools
INFO     clx.infrastructure.workers.pool_manager:pool_manager.py:581 Stopping 1 notebook workers
INFO     clx.infrastructure.workers.worker_executor:worker_executor.py:423 Stopping worker direct-notebook-0-cc4f04fd (PID: 43628)
INFO     clx.infrastructure.workers.worker_executor:worker_executor.py:435 Worker direct-notebook-0-cc4f04fd stopped gracefully
INFO     clx.infrastructure.workers.pool_manager:pool_manager.py:581 Stopping 0 plantuml workers
INFO     clx.infrastructure.workers.pool_manager:pool_manager.py:581 Stopping 0 drawio workers
INFO     clx.infrastructure.workers.worker_executor:worker_executor.py:498 Cleaning up 0 direct workers
INFO     clx.infrastructure.workers.pool_manager:pool_manager.py:610 Stopped 1 workers
INFO     clx.infrastructure.workers.event_logger:event_logger.py:117 [pool_stopped] Worker pool stopped (1 worker(s) in 0.0s)
C:\Users\tc\Programming\Python\Projects\clx-claude\tests\infrastructure\workers\test_lifecycle_integration.py:448: AssertionError: assert False
============================== warnings summary ===============================
tests/web/test_api_integration.py::TestAPIEndpoints::test_openapi_endpoint
tests/web/test_api_integration.py::TestAPIEndpoints::test_openapi_endpoint
  C:\Users\tc\Programming\Python\Projects\clx-claude\.venv\Lib\site-packages\pydantic\main.py:1059: PydanticDeprecatedSince20: The `__fields__` attribute is deprecated, use `model_fields` instead. Deprecated in Pydantic V2.0 to be removed in V3.0. See Pydantic V2 Migration Guide at https://errors.pydantic.dev/2.8/migration/
    warnings.warn(

-- Docs: https://docs.pytest.org/en/stable/how-to/capture-warnings.html
=========================== short test summary info ===========================
FAILED tests/e2e/test_e2e_lifecycle.py::test_e2e_managed_workers_reuse_across_builds - AssertionError: Should reuse existing workers
assert [1, 2, 3, 4] == [5, 6, 7, 8]
  
  At index 0 diff: 1 != 5
  
  Full diff:
    [
  -     5,
  ?     ^
  +     1,
  ?     ^
  -     6,
  ?     ^
  +     2,
  ?     ^
  -     7,
  ?     ^
  +     3,
  ?     ^
  -     8,
  ?     ^
  +     4,
  ?     ^
    ]
FAILED tests/e2e/test_e2e_lifecycle.py::test_e2e_persistent_workers_workflow - AssertionError: Should start 2 workers
assert 4 == 2
 +  where 4 = len([WorkerInfo(worker_type='notebook', execution_mode='direct', executor_id='direct-notebook-0-bfb802a4', db_worker_id=1, started_at='2025-11-16T06:31:16.221673', config={'execution_mode': 'direct', 'image': None, 'memory_limit': '1g', 'max_job_time': 600}), WorkerInfo(worker_type='notebook', execution_mode='direct', executor_id='direct-notebook-1-ac31fdd8', db_worker_id=2, started_at='2025-11-16T06:31:17.268976', config={'execution_mode': 'direct', 'image': None, 'memory_limit': '1g', 'max_job_time': 600}), WorkerInfo(worker_type='plantuml', execution_mode='direct', executor_id='direct-plantuml-0-f7774234', db_worker_id=3, started_at='2025-11-16T06:31:17.772581', config={'execution_mode': 'direct', 'image': None, 'memory_limit': '1g', 'max_job_time': 600}), WorkerInfo(worker_type='drawio', execution_mode='direct', executor_id='direct-drawio-0-998b4070', db_worker_id=4, started_at='2025-11-16T06:31:18.275952', config={'execution_mode': 'direct', 'image': None, 'memory_limit': '1g', 'max_job_time': 600})])
FAILED tests/e2e/test_e2e_lifecycle.py::test_e2e_worker_health_monitoring_during_build - AssertionError: Both workers should be healthy initially
assert 4 == 2
 +  where 4 = len([DiscoveredWorker(db_id=4, worker_type='drawio', executor_id='direct-drawio-0-d3f7b6c9', status='idle', last_heartbeat=datetime.datetime(2025, 11, 16, 5, 31, 23), jobs_processed=0, jobs_failed=0, started_at=datetime.datetime(2025, 11, 16, 5, 31, 21), is_docker=False, is_healthy=False), DiscoveredWorker(db_id=1, worker_type='notebook', executor_id='direct-notebook-0-6b55ca20', status='idle', last_heartbeat=datetime.datetime(2025, 11, 16, 5, 31, 23), jobs_processed=0, jobs_failed=0, started_at=datetime.datetime(2025, 11, 16, 5, 31, 19), is_docker=False, is_healthy=False), DiscoveredWorker(db_id=2, worker_type='notebook', executor_id='direct-notebook-1-c73ba630', status='idle', last_heartbeat=datetime.datetime(2025, 11, 16, 5, 31, 23), jobs_processed=0, jobs_failed=0, started_at=datetime.datetime(2025, 11, 16, 5, 31, 20), is_docker=False, is_healthy=False), DiscoveredWorker(db_id=3, worker_type='plantuml', executor_id='direct-plantuml-0-5d1fbbfa', status='idle', last_heartbeat=datetime.datetime(2025, 11, 16, 5, 31, 23), jobs_processed=0, jobs_failed=0, started_at=datetime.datetime(2025, 11, 16, 5, 31, 21), is_docker=False, is_healthy=False)])
FAILED tests/infrastructure/workers/test_lifecycle_integration.py::TestManagedWorkerLifecycle::test_start_managed_workers_direct - AssertionError: assert False
 +  where False = DiscoveredWorker(db_id=1, worker_type='notebook', executor_id='direct-notebook-0-f576fd31', status='idle', last_heartbeat=datetime.datetime(2025, 11, 16, 5, 32, 20), jobs_processed=0, jobs_failed=0, started_at=datetime.datetime(2025, 11, 16, 5, 32, 18), is_docker=False, is_healthy=False).is_healthy
FAILED tests/infrastructure/workers/test_lifecycle_integration.py::TestManagedWorkerLifecycle::test_start_managed_workers_reuse - AssertionError: assert 2 == 1
 +  where 2 = WorkerInfo(worker_type='notebook', execution_mode='direct', executor_id='direct-notebook-0-5572a1be', db_worker_id=2, started_at='2025-11-16T06:32:25.356310', config={'execution_mode': 'direct', 'image': None, 'memory_limit': '1g', 'max_job_time': 600}).db_worker_id
FAILED tests/infrastructure/workers/test_lifecycle_integration.py::TestPersistentWorkerLifecycle::test_persistent_workers_survive_manager_restart - AssertionError: assert False
 +  where False = DiscoveredWorker(db_id=1, worker_type='notebook', executor_id='direct-notebook-0-4b7af630', status='idle', last_heartbeat=datetime.datetime(2025, 11, 16, 5, 32, 40), jobs_processed=0, jobs_failed=0, started_at=datetime.datetime(2025, 11, 16, 5, 32, 38), is_docker=False, is_healthy=False).is_healthy
FAILED tests/infrastructure/workers/test_lifecycle_integration.py::TestWorkerDiscovery::test_discover_healthy_workers - AssertionError: assert False
 +  where False = DiscoveredWorker(db_id=1, worker_type='notebook', executor_id='direct-notebook-0-cc4f04fd', status='idle', last_heartbeat=datetime.datetime(2025, 11, 16, 5, 32, 47), jobs_processed=0, jobs_failed=0, started_at=datetime.datetime(2025, 11, 16, 5, 32, 45), is_docker=False, is_healthy=False).is_healthy
ERROR tests/core/course_files/data_file_test.py::test_data_file_execute_does_not_call_backend
ERROR tests/core/course_files/drawio_file_test.py::test_drawio_file_execute_calls_backend
ERROR tests/core/course_files/notebook_file_test.py::test_notebook_file_executes_calls_backend
ERROR tests/core/course_files/plantuml_file_test.py::test_drawio_file_execute_calls_backend
= 7 failed, 328 passed, 4 skipped, 2 warnings, 4 errors in 690.18s (0:11:30) ==
